===2018-11-02 14:39:25.858 WARN  org.springframework.boot.web.servlet.context.AnnotationConfigServletWebServerApplicationContext Line:558 - Exception encountered during context initialization - cancelling refresh attempt: org.springframework.beans.factory.UnsatisfiedDependencyException: Error creating bean with name 'allotInfoServiceImpl': Unsatisfied dependency expressed through field 'allotInfoRepository'; nested exception is org.springframework.beans.factory.BeanCreationException: Error creating bean with name 'allotInfoRepository': Invocation of init method failed; nested exception is org.springframework.beans.BeanInstantiationException: Failed to instantiate [org.springframework.data.jpa.repository.support.QuerydslJpaRepository]: Constructor threw exception; nested exception is java.lang.IllegalArgumentException: Did not find a query class com.asiainfo.projectmg.model.QAllotInfo for domain class com.asiainfo.projectmg.model.AllotInfo!
===2018-11-02 14:40:37.634 WARN  org.springframework.boot.autoconfigure.orm.jpa.JpaBaseConfiguration$JpaWebConfiguration$JpaWebMvcConfiguration Line:235 - spring.jpa.open-in-view is enabled by default. Therefore, database queries may be performed during view rendering. Explicitly configure spring.jpa.open-in-view to disable this warning
===2018-11-02 14:40:38.085 WARN  org.thymeleaf.templatemode.TemplateMode Line:150 - [THYMELEAF][restartedMain] Template Mode 'LEGACYHTML5' is deprecated. Using Template Mode 'HTML' instead.
===2018-11-02 14:40:39.040 WARN  org.springframework.boot.devtools.autoconfigure.OptionalLiveReloadServer Line:61  - Unable to start LiveReload server
===2018-11-02 14:43:58.994 WARN  org.springframework.boot.web.servlet.context.AnnotationConfigServletWebServerApplicationContext Line:558 - Exception encountered during context initialization - cancelling refresh attempt: org.springframework.beans.factory.UnsatisfiedDependencyException: Error creating bean with name 'demandController': Unsatisfied dependency expressed through field 'demandService'; nested exception is org.springframework.beans.factory.NoSuchBeanDefinitionException: No qualifying bean of type 'com.asiainfo.projectmg.service.DemandService' available: expected at least 1 bean which qualifies as autowire candidate. Dependency annotations: {@org.springframework.beans.factory.annotation.Autowired(required=true)}
===2018-11-02 14:44:22.546 WARN  org.springframework.boot.autoconfigure.orm.jpa.JpaBaseConfiguration$JpaWebConfiguration$JpaWebMvcConfiguration Line:235 - spring.jpa.open-in-view is enabled by default. Therefore, database queries may be performed during view rendering. Explicitly configure spring.jpa.open-in-view to disable this warning
===2018-11-02 14:44:23.021 WARN  org.thymeleaf.templatemode.TemplateMode Line:150 - [THYMELEAF][restartedMain] Template Mode 'LEGACYHTML5' is deprecated. Using Template Mode 'HTML' instead.
===2018-11-02 14:44:23.575 WARN  org.springframework.boot.devtools.autoconfigure.OptionalLiveReloadServer Line:61  - Unable to start LiveReload server
===2018-11-02 14:45:03.766 WARN  org.springframework.boot.autoconfigure.orm.jpa.JpaBaseConfiguration$JpaWebConfiguration$JpaWebMvcConfiguration Line:235 - spring.jpa.open-in-view is enabled by default. Therefore, database queries may be performed during view rendering. Explicitly configure spring.jpa.open-in-view to disable this warning
===2018-11-02 14:45:04.005 WARN  org.thymeleaf.templatemode.TemplateMode Line:150 - [THYMELEAF][restartedMain] Template Mode 'LEGACYHTML5' is deprecated. Using Template Mode 'HTML' instead.
===2018-11-02 14:45:04.468 WARN  org.springframework.boot.devtools.autoconfigure.OptionalLiveReloadServer Line:61  - Unable to start LiveReload server
===2018-11-02 14:45:35.645 WARN  org.springframework.boot.autoconfigure.orm.jpa.JpaBaseConfiguration$JpaWebConfiguration$JpaWebMvcConfiguration Line:235 - spring.jpa.open-in-view is enabled by default. Therefore, database queries may be performed during view rendering. Explicitly configure spring.jpa.open-in-view to disable this warning
===2018-11-02 14:45:36.020 WARN  org.thymeleaf.templatemode.TemplateMode Line:150 - [THYMELEAF][restartedMain] Template Mode 'LEGACYHTML5' is deprecated. Using Template Mode 'HTML' instead.
===2018-11-02 14:45:37.366 WARN  org.springframework.boot.devtools.autoconfigure.OptionalLiveReloadServer Line:61  - Unable to start LiveReload server
===2018-11-02 14:48:22.065 WARN  org.springframework.boot.autoconfigure.orm.jpa.JpaBaseConfiguration$JpaWebConfiguration$JpaWebMvcConfiguration Line:235 - spring.jpa.open-in-view is enabled by default. Therefore, database queries may be performed during view rendering. Explicitly configure spring.jpa.open-in-view to disable this warning
===2018-11-02 14:48:22.380 WARN  org.thymeleaf.templatemode.TemplateMode Line:150 - [THYMELEAF][restartedMain] Template Mode 'LEGACYHTML5' is deprecated. Using Template Mode 'HTML' instead.
===2018-11-02 14:48:22.617 WARN  org.springframework.boot.devtools.autoconfigure.OptionalLiveReloadServer Line:61  - Unable to start LiveReload server
===2018-11-02 14:48:40.146 WARN  org.springframework.boot.autoconfigure.orm.jpa.JpaBaseConfiguration$JpaWebConfiguration$JpaWebMvcConfiguration Line:235 - spring.jpa.open-in-view is enabled by default. Therefore, database queries may be performed during view rendering. Explicitly configure spring.jpa.open-in-view to disable this warning
===2018-11-02 14:48:40.622 WARN  org.thymeleaf.templatemode.TemplateMode Line:150 - [THYMELEAF][restartedMain] Template Mode 'LEGACYHTML5' is deprecated. Using Template Mode 'HTML' instead.
===2018-11-02 14:48:41.139 WARN  org.springframework.boot.devtools.autoconfigure.OptionalLiveReloadServer Line:61  - Unable to start LiveReload server
