===2018-11-02 14:39:13.760 INFO  com.asiainfo.projectmg.ProjectMgApplication Line:50  - Starting ProjectMgApplication on King-Pan-PC with PID 13139 (/Users/king-pan/git_repository/project-mg/target/classes started by king-pan in /Users/king-pan/git_repository/project-mg)
===2018-11-02 14:39:13.764 INFO  com.asiainfo.projectmg.ProjectMgApplication Line:666 - The following profiles are active: dev
===2018-11-02 14:39:14.053 INFO  org.springframework.boot.web.servlet.context.AnnotationConfigServletWebServerApplicationContext Line:590 - Refreshing org.springframework.boot.web.servlet.context.AnnotationConfigServletWebServerApplicationContext@1fed18df: startup date [Fri Nov 02 14:39:14 CST 2018]; root of context hierarchy
===2018-11-02 14:39:17.659 INFO  org.springframework.context.support.PostProcessorRegistrationDelegate$BeanPostProcessorChecker Line:326 - Bean 'org.springframework.transaction.annotation.ProxyTransactionManagementConfiguration' of type [org.springframework.transaction.annotation.ProxyTransactionManagementConfiguration$$EnhancerBySpringCGLIB$$71e13b2b] is not eligible for getting processed by all BeanPostProcessors (for example: not eligible for auto-proxying)
===2018-11-02 14:39:18.844 INFO  org.springframework.boot.web.embedded.tomcat.TomcatWebServer Line:91  - Tomcat initialized with port(s): 8888 (http)
===2018-11-02 14:39:18.871 INFO  org.apache.coyote.http11.Http11NioProtocol Line:180 - Initializing ProtocolHandler ["http-nio-8888"]
===2018-11-02 14:39:18.898 INFO  org.apache.catalina.core.StandardService Line:180 - Starting service [Tomcat]
===2018-11-02 14:39:18.899 INFO  org.apache.catalina.core.StandardEngine Line:180 - Starting Servlet Engine: Apache Tomcat/8.5.32
===2018-11-02 14:39:18.915 INFO  org.apache.catalina.core.AprLifecycleListener Line:180 - The APR based Apache Tomcat Native library which allows optimal performance in production environments was not found on the java.library.path: [/Users/king-pan/Library/Java/Extensions:/Library/Java/Extensions:/Network/Library/Java/Extensions:/System/Library/Java/Extensions:/usr/lib/java:.]
===2018-11-02 14:39:19.191 INFO  org.apache.catalina.core.ContainerBase.[Tomcat].[localhost].[/api] Line:180 - Initializing Spring embedded WebApplicationContext
===2018-11-02 14:39:19.191 INFO  org.springframework.web.context.ContextLoader Line:285 - Root WebApplicationContext: initialization completed in 5139 ms
===2018-11-02 14:39:19.314 INFO  org.springframework.boot.web.servlet.ServletRegistrationBean Line:187 - Servlet dispatcherServlet mapped to [/]
===2018-11-02 14:39:19.325 INFO  org.springframework.boot.web.servlet.FilterRegistrationBean Line:245 - Mapping filter: 'characterEncodingFilter' to: [/*]
===2018-11-02 14:39:19.326 INFO  org.springframework.boot.web.servlet.FilterRegistrationBean Line:245 - Mapping filter: 'hiddenHttpMethodFilter' to: [/*]
===2018-11-02 14:39:19.327 INFO  org.springframework.boot.web.servlet.FilterRegistrationBean Line:245 - Mapping filter: 'httpPutFormContentFilter' to: [/*]
===2018-11-02 14:39:19.329 INFO  org.springframework.boot.web.servlet.FilterRegistrationBean Line:245 - Mapping filter: 'requestContextFilter' to: [/*]
===2018-11-02 14:39:19.769 INFO  com.zaxxer.hikari.HikariDataSource Line:110 - DatebookHikariCP - Starting...
===2018-11-02 14:39:21.469 INFO  com.zaxxer.hikari.HikariDataSource Line:123 - DatebookHikariCP - Start completed.
===2018-11-02 14:39:21.802 INFO  org.springframework.orm.jpa.LocalContainerEntityManagerFactoryBean Line:361 - Building JPA container EntityManagerFactory for persistence unit 'default'
===2018-11-02 14:39:21.858 INFO  org.hibernate.jpa.internal.util.LogHelper Line:31  - HHH000204: Processing PersistenceUnitInfo [
	name: default
	...]
===2018-11-02 14:39:22.463 INFO  org.hibernate.Version Line:45  - HHH000412: Hibernate Core {5.2.17.Final}
===2018-11-02 14:39:22.470 INFO  org.hibernate.cfg.Environment Line:213 - HHH000206: hibernate.properties not found
===2018-11-02 14:39:22.578 INFO  org.hibernate.annotations.common.Version Line:66  - HCANN000001: Hibernate Commons Annotations {5.0.1.Final}
===2018-11-02 14:39:22.986 INFO  org.hibernate.dialect.Dialect Line:157 - HHH000400: Using dialect: org.hibernate.dialect.MySQL5InnoDBDialect
===2018-11-02 14:39:24.567 INFO  org.hibernate.orm.connections.access Line:47  - HHH10001501: Connection obtained from JdbcConnectionAccess [org.hibernate.engine.jdbc.env.internal.JdbcEnvironmentInitiator$ConnectionProviderJdbcConnectionAccess@15867e38] for (non-JTA) DDL execution was not in auto-commit mode; the Connection 'local transaction' will be committed and the Connection will be set into auto-commit mode.
===2018-11-02 14:39:25.138 INFO  org.springframework.orm.jpa.LocalContainerEntityManagerFactoryBean Line:415 - Initialized JPA EntityManagerFactory for persistence unit 'default'
===2018-11-02 14:39:25.861 INFO  org.springframework.orm.jpa.LocalContainerEntityManagerFactoryBean Line:597 - Closing JPA EntityManagerFactory for persistence unit 'default'
===2018-11-02 14:39:25.864 INFO  com.zaxxer.hikari.HikariDataSource Line:381 - DatebookHikariCP - Shutdown initiated...
===2018-11-02 14:39:26.450 INFO  com.zaxxer.hikari.HikariDataSource Line:383 - DatebookHikariCP - Shutdown completed.
===2018-11-02 14:39:26.459 INFO  org.apache.catalina.core.StandardService Line:180 - Stopping service [Tomcat]
===2018-11-02 14:39:26.517 INFO  org.springframework.boot.autoconfigure.logging.ConditionEvaluationReportLoggingListener Line:101 - 

Error starting ApplicationContext. To display the conditions report re-run your application with 'debug' enabled.
===2018-11-02 14:40:23.884 INFO  com.asiainfo.projectmg.ProjectMgApplication Line:50  - Starting ProjectMgApplication on King-Pan-PC with PID 13231 (/Users/king-pan/git_repository/project-mg/target/classes started by king-pan in /Users/king-pan/git_repository/project-mg)
===2018-11-02 14:40:23.888 INFO  com.asiainfo.projectmg.ProjectMgApplication Line:666 - The following profiles are active: dev
===2018-11-02 14:40:24.068 INFO  org.springframework.boot.web.servlet.context.AnnotationConfigServletWebServerApplicationContext Line:590 - Refreshing org.springframework.boot.web.servlet.context.AnnotationConfigServletWebServerApplicationContext@afc1d6a: startup date [Fri Nov 02 14:40:24 CST 2018]; root of context hierarchy
===2018-11-02 14:40:26.888 INFO  org.springframework.context.support.PostProcessorRegistrationDelegate$BeanPostProcessorChecker Line:326 - Bean 'org.springframework.transaction.annotation.ProxyTransactionManagementConfiguration' of type [org.springframework.transaction.annotation.ProxyTransactionManagementConfiguration$$EnhancerBySpringCGLIB$$2a634252] is not eligible for getting processed by all BeanPostProcessors (for example: not eligible for auto-proxying)
===2018-11-02 14:40:28.236 INFO  org.springframework.boot.web.embedded.tomcat.TomcatWebServer Line:91  - Tomcat initialized with port(s): 8888 (http)
===2018-11-02 14:40:28.276 INFO  org.apache.coyote.http11.Http11NioProtocol Line:180 - Initializing ProtocolHandler ["http-nio-8888"]
===2018-11-02 14:40:28.317 INFO  org.apache.catalina.core.StandardService Line:180 - Starting service [Tomcat]
===2018-11-02 14:40:28.328 INFO  org.apache.catalina.core.StandardEngine Line:180 - Starting Servlet Engine: Apache Tomcat/8.5.32
===2018-11-02 14:40:28.335 INFO  org.apache.catalina.core.AprLifecycleListener Line:180 - The APR based Apache Tomcat Native library which allows optimal performance in production environments was not found on the java.library.path: [/Users/king-pan/Library/Java/Extensions:/Library/Java/Extensions:/Network/Library/Java/Extensions:/System/Library/Java/Extensions:/usr/lib/java:.]
===2018-11-02 14:40:28.633 INFO  org.apache.catalina.core.ContainerBase.[Tomcat].[localhost].[/api] Line:180 - Initializing Spring embedded WebApplicationContext
===2018-11-02 14:40:28.633 INFO  org.springframework.web.context.ContextLoader Line:285 - Root WebApplicationContext: initialization completed in 4565 ms
===2018-11-02 14:40:28.871 INFO  org.springframework.boot.web.servlet.ServletRegistrationBean Line:187 - Servlet dispatcherServlet mapped to [/]
===2018-11-02 14:40:28.883 INFO  org.springframework.boot.web.servlet.FilterRegistrationBean Line:245 - Mapping filter: 'characterEncodingFilter' to: [/*]
===2018-11-02 14:40:28.885 INFO  org.springframework.boot.web.servlet.FilterRegistrationBean Line:245 - Mapping filter: 'hiddenHttpMethodFilter' to: [/*]
===2018-11-02 14:40:28.886 INFO  org.springframework.boot.web.servlet.FilterRegistrationBean Line:245 - Mapping filter: 'httpPutFormContentFilter' to: [/*]
===2018-11-02 14:40:28.887 INFO  org.springframework.boot.web.servlet.FilterRegistrationBean Line:245 - Mapping filter: 'requestContextFilter' to: [/*]
===2018-11-02 14:40:29.327 INFO  com.zaxxer.hikari.HikariDataSource Line:110 - DatebookHikariCP - Starting...
===2018-11-02 14:40:32.219 INFO  com.zaxxer.hikari.HikariDataSource Line:123 - DatebookHikariCP - Start completed.
===2018-11-02 14:40:32.402 INFO  org.springframework.orm.jpa.LocalContainerEntityManagerFactoryBean Line:361 - Building JPA container EntityManagerFactory for persistence unit 'default'
===2018-11-02 14:40:32.433 INFO  org.hibernate.jpa.internal.util.LogHelper Line:31  - HHH000204: Processing PersistenceUnitInfo [
	name: default
	...]
===2018-11-02 14:40:32.739 INFO  org.hibernate.Version Line:45  - HHH000412: Hibernate Core {5.2.17.Final}
===2018-11-02 14:40:32.741 INFO  org.hibernate.cfg.Environment Line:213 - HHH000206: hibernate.properties not found
===2018-11-02 14:40:32.822 INFO  org.hibernate.annotations.common.Version Line:66  - HCANN000001: Hibernate Commons Annotations {5.0.1.Final}
===2018-11-02 14:40:33.217 INFO  org.hibernate.dialect.Dialect Line:157 - HHH000400: Using dialect: org.hibernate.dialect.MySQL5InnoDBDialect
===2018-11-02 14:40:34.830 INFO  org.hibernate.orm.connections.access Line:47  - HHH10001501: Connection obtained from JdbcConnectionAccess [org.hibernate.engine.jdbc.env.internal.JdbcEnvironmentInitiator$ConnectionProviderJdbcConnectionAccess@242db1bd] for (non-JTA) DDL execution was not in auto-commit mode; the Connection 'local transaction' will be committed and the Connection will be set into auto-commit mode.
===2018-11-02 14:40:35.427 INFO  org.springframework.orm.jpa.LocalContainerEntityManagerFactoryBean Line:415 - Initialized JPA EntityManagerFactory for persistence unit 'default'
===2018-11-02 14:40:36.256 INFO  org.hibernate.hql.internal.QueryTranslatorFactoryInitiator Line:47  - HHH000397: Using ASTQueryTranslatorFactory
===2018-11-02 14:40:36.706 INFO  org.springframework.web.servlet.handler.SimpleUrlHandlerMapping Line:373 - Mapped URL path [/**/favicon.ico] onto handler of type [class org.springframework.web.servlet.resource.ResourceHttpRequestHandler]
===2018-11-02 14:40:37.554 INFO  org.springframework.web.servlet.mvc.method.annotation.RequestMappingHandlerAdapter Line:574 - Looking for @ControllerAdvice: org.springframework.boot.web.servlet.context.AnnotationConfigServletWebServerApplicationContext@afc1d6a: startup date [Fri Nov 02 14:40:24 CST 2018]; root of context hierarchy
===2018-11-02 14:40:37.705 INFO  org.springframework.web.servlet.mvc.method.annotation.RequestMappingHandlerMapping Line:547 - Mapped "{[/allot/list],methods=[GET]}" onto public java.lang.Object com.asiainfo.projectmg.web.controller.AllotController.list(com.asiainfo.projectmg.model.AllotInfo,org.springframework.data.domain.Pageable)
===2018-11-02 14:40:37.708 INFO  org.springframework.web.servlet.mvc.method.annotation.RequestMappingHandlerMapping Line:547 - Mapped "{[/allot/download],methods=[GET]}" onto public void com.asiainfo.projectmg.web.controller.AllotController.exportExcel(com.asiainfo.projectmg.model.AllotInfo,javax.servlet.http.HttpServletResponse)
===2018-11-02 14:40:37.709 INFO  org.springframework.web.servlet.mvc.method.annotation.RequestMappingHandlerMapping Line:547 - Mapped "{[/allot/]}" onto public org.springframework.web.servlet.ModelAndView com.asiainfo.projectmg.web.controller.AllotController.page()
===2018-11-02 14:40:37.715 INFO  org.springframework.web.servlet.mvc.method.annotation.RequestMappingHandlerMapping Line:547 - Mapped "{[/card/save]}" onto public com.asiainfo.projectmg.common.ServerResponse com.asiainfo.projectmg.web.controller.CardController.update(com.asiainfo.projectmg.model.CardInfo)
===2018-11-02 14:40:37.717 INFO  org.springframework.web.servlet.mvc.method.annotation.RequestMappingHandlerMapping Line:547 - Mapped "{[/card/list],methods=[GET]}" onto public java.lang.Object com.asiainfo.projectmg.web.controller.CardController.list(com.asiainfo.projectmg.model.CardInfo,org.springframework.data.domain.Pageable)
===2018-11-02 14:40:37.718 INFO  org.springframework.web.servlet.mvc.method.annotation.RequestMappingHandlerMapping Line:547 - Mapped "{[/card/fileUpload]}" onto public com.asiainfo.projectmg.common.ServerResponse com.asiainfo.projectmg.web.controller.CardController.fileUpload(javax.servlet.http.HttpServletRequest,org.springframework.web.multipart.MultipartFile)
===2018-11-02 14:40:37.719 INFO  org.springframework.web.servlet.mvc.method.annotation.RequestMappingHandlerMapping Line:547 - Mapped "{[/card/downloadExcelTemplate]}" onto public void com.asiainfo.projectmg.web.controller.CardController.downloadExcelTemplate(javax.servlet.http.HttpServletResponse)
===2018-11-02 14:40:37.720 INFO  org.springframework.web.servlet.mvc.method.annotation.RequestMappingHandlerMapping Line:547 - Mapped "{[/card/],methods=[DELETE]}" onto public com.asiainfo.projectmg.common.ServerResponse com.asiainfo.projectmg.web.controller.CardController.batchDelete(java.lang.Long[])
===2018-11-02 14:40:37.721 INFO  org.springframework.web.servlet.mvc.method.annotation.RequestMappingHandlerMapping Line:547 - Mapped "{[/card/]}" onto public org.springframework.web.servlet.ModelAndView com.asiainfo.projectmg.web.controller.CardController.page()
===2018-11-02 14:40:37.727 INFO  org.springframework.web.servlet.mvc.method.annotation.RequestMappingHandlerMapping Line:547 - Mapped "{[/demand/save]}" onto public com.asiainfo.projectmg.common.ServerResponse com.asiainfo.projectmg.web.controller.DemandController.update(com.asiainfo.projectmg.model.Demand)
===2018-11-02 14:40:37.728 INFO  org.springframework.web.servlet.mvc.method.annotation.RequestMappingHandlerMapping Line:547 - Mapped "{[/demand/list],methods=[GET]}" onto public java.lang.Object com.asiainfo.projectmg.web.controller.DemandController.list(com.asiainfo.projectmg.model.Demand,org.springframework.data.domain.Pageable)
===2018-11-02 14:40:37.728 INFO  org.springframework.web.servlet.mvc.method.annotation.RequestMappingHandlerMapping Line:547 - Mapped "{[/demand/allotHours]}" onto public com.asiainfo.projectmg.common.ServerResponse com.asiainfo.projectmg.web.controller.DemandController.allotHours(com.asiainfo.projectmg.model.form.AllotForm,java.lang.Long[])
===2018-11-02 14:40:37.729 INFO  org.springframework.web.servlet.mvc.method.annotation.RequestMappingHandlerMapping Line:547 - Mapped "{[/demand/fileUpload]}" onto public com.asiainfo.projectmg.common.ServerResponse com.asiainfo.projectmg.web.controller.DemandController.fileUpload(javax.servlet.http.HttpServletRequest,org.springframework.web.multipart.MultipartFile)
===2018-11-02 14:40:37.730 INFO  org.springframework.web.servlet.mvc.method.annotation.RequestMappingHandlerMapping Line:547 - Mapped "{[/demand/downloadExcelTemplate]}" onto public void com.asiainfo.projectmg.web.controller.DemandController.downloadExcelTemplate(javax.servlet.http.HttpServletResponse)
===2018-11-02 14:40:37.730 INFO  org.springframework.web.servlet.mvc.method.annotation.RequestMappingHandlerMapping Line:547 - Mapped "{[/demand/],methods=[DELETE]}" onto public com.asiainfo.projectmg.common.ServerResponse com.asiainfo.projectmg.web.controller.DemandController.batchDelete(java.lang.Long[])
===2018-11-02 14:40:37.731 INFO  org.springframework.web.servlet.mvc.method.annotation.RequestMappingHandlerMapping Line:547 - Mapped "{[/demand/],methods=[GET]}" onto public org.springframework.web.servlet.ModelAndView com.asiainfo.projectmg.web.controller.DemandController.page()
===2018-11-02 14:40:37.733 INFO  org.springframework.web.servlet.mvc.method.annotation.RequestMappingHandlerMapping Line:547 - Mapped "{[/]}" onto public org.springframework.web.servlet.ModelAndView com.asiainfo.projectmg.web.controller.HomeController.home()
===2018-11-02 14:40:37.734 INFO  org.springframework.web.servlet.mvc.method.annotation.RequestMappingHandlerMapping Line:547 - Mapped "{[/sso/login]}" onto public java.lang.Object com.asiainfo.projectmg.web.controller.UserController.login(java.lang.String,java.lang.String)
===2018-11-02 14:40:37.739 INFO  org.springframework.web.servlet.mvc.method.annotation.RequestMappingHandlerMapping Line:547 - Mapped "{[/error]}" onto public org.springframework.http.ResponseEntity<java.util.Map<java.lang.String, java.lang.Object>> org.springframework.boot.autoconfigure.web.servlet.error.BasicErrorController.error(javax.servlet.http.HttpServletRequest)
===2018-11-02 14:40:37.740 INFO  org.springframework.web.servlet.mvc.method.annotation.RequestMappingHandlerMapping Line:547 - Mapped "{[/error],produces=[text/html]}" onto public org.springframework.web.servlet.ModelAndView org.springframework.boot.autoconfigure.web.servlet.error.BasicErrorController.errorHtml(javax.servlet.http.HttpServletRequest,javax.servlet.http.HttpServletResponse)
===2018-11-02 14:40:37.919 INFO  org.springframework.web.servlet.handler.SimpleUrlHandlerMapping Line:373 - Mapped URL path [/webjars/**] onto handler of type [class org.springframework.web.servlet.resource.ResourceHttpRequestHandler]
===2018-11-02 14:40:37.919 INFO  org.springframework.web.servlet.handler.SimpleUrlHandlerMapping Line:373 - Mapped URL path [/**] onto handler of type [class org.springframework.web.servlet.resource.ResourceHttpRequestHandler]
===2018-11-02 14:40:39.097 INFO  org.springframework.jmx.export.annotation.AnnotationMBeanExporter Line:433 - Registering beans for JMX exposure on startup
===2018-11-02 14:40:39.099 INFO  org.springframework.jmx.export.annotation.AnnotationMBeanExporter Line:895 - Bean with name 'dataSource' has been autodetected for JMX exposure
===2018-11-02 14:40:39.107 INFO  org.springframework.jmx.export.annotation.AnnotationMBeanExporter Line:668 - Located MBean 'dataSource': registering with JMX server as MBean [com.zaxxer.hikari:name=dataSource,type=HikariDataSource]
===2018-11-02 14:40:39.129 INFO  org.apache.coyote.http11.Http11NioProtocol Line:180 - Starting ProtocolHandler ["http-nio-8888"]
===2018-11-02 14:40:39.159 INFO  org.apache.tomcat.util.net.NioSelectorPool Line:180 - Using a shared selector for servlet write/read
===2018-11-02 14:40:39.186 INFO  org.springframework.boot.web.embedded.tomcat.TomcatWebServer Line:206 - Tomcat started on port(s): 8888 (http) with context path '/api'
===2018-11-02 14:40:39.194 INFO  com.asiainfo.projectmg.ProjectMgApplication Line:59  - Started ProjectMgApplication in 16.456 seconds (JVM running for 19.116)
===2018-11-02 14:41:31.222 INFO  org.apache.catalina.core.ContainerBase.[Tomcat].[localhost].[/api] Line:180 - Initializing Spring FrameworkServlet 'dispatcherServlet'
===2018-11-02 14:41:31.226 INFO  org.springframework.web.servlet.DispatcherServlet Line:494 - FrameworkServlet 'dispatcherServlet': initialization started
===2018-11-02 14:41:31.346 INFO  org.springframework.web.servlet.DispatcherServlet Line:509 - FrameworkServlet 'dispatcherServlet': initialization completed in 117 ms
===2018-11-02 14:41:41.382 INFO  com.asiainfo.projectmg.web.controller.DemandController Line:121 - 需要删除的需求ID： [6]
===2018-11-02 14:41:47.226 INFO  com.asiainfo.projectmg.web.controller.DemandController Line:121 - 需要删除的需求ID： [5]
===2018-11-02 14:42:05.204 INFO  com.asiainfo.projectmg.web.controller.DemandController Line:102 - 修改参数: Demand(id=null, code=aa, name=aa, personDay=12, preHours=90, alHours=0, surHours=90, persons=w,sdf, createTime=null, updateTime=null)
===2018-11-02 14:42:10.149 INFO  com.asiainfo.projectmg.web.controller.DemandController Line:102 - 修改参数: Demand(id=null, code=aa, name=aa, personDay=12, preHours=90, alHours=0, surHours=90, persons=w,sdf, createTime=null, updateTime=null)
===2018-11-02 14:42:14.249 INFO  com.asiainfo.projectmg.web.controller.DemandController Line:102 - 修改参数: Demand(id=null, code=aa, name=aa, personDay=12, preHours=90, alHours=0, surHours=90, persons=w,sdf, createTime=null, updateTime=null)
===2018-11-02 14:43:51.717 INFO  org.springframework.boot.web.servlet.context.AnnotationConfigServletWebServerApplicationContext Line:993 - Closing org.springframework.boot.web.servlet.context.AnnotationConfigServletWebServerApplicationContext@afc1d6a: startup date [Fri Nov 02 14:40:24 CST 2018]; root of context hierarchy
===2018-11-02 14:43:51.766 INFO  org.springframework.jmx.export.annotation.AnnotationMBeanExporter Line:451 - Unregistering JMX-exposed beans on shutdown
===2018-11-02 14:43:51.769 INFO  org.springframework.jmx.export.annotation.AnnotationMBeanExporter Line:185 - Unregistering JMX-exposed beans
===2018-11-02 14:43:51.773 INFO  org.springframework.orm.jpa.LocalContainerEntityManagerFactoryBean Line:597 - Closing JPA EntityManagerFactory for persistence unit 'default'
===2018-11-02 14:43:51.789 INFO  com.zaxxer.hikari.HikariDataSource Line:381 - DatebookHikariCP - Shutdown initiated...
===2018-11-02 14:43:52.404 INFO  com.zaxxer.hikari.HikariDataSource Line:383 - DatebookHikariCP - Shutdown completed.
===2018-11-02 14:43:53.409 INFO  com.asiainfo.projectmg.ProjectMgApplication Line:50  - Starting ProjectMgApplication on King-Pan-PC with PID 13231 (/Users/king-pan/git_repository/project-mg/target/classes started by king-pan in /Users/king-pan/git_repository/project-mg)
===2018-11-02 14:43:53.410 INFO  com.asiainfo.projectmg.ProjectMgApplication Line:666 - The following profiles are active: dev
===2018-11-02 14:43:53.439 INFO  org.springframework.boot.web.servlet.context.AnnotationConfigServletWebServerApplicationContext Line:590 - Refreshing org.springframework.boot.web.servlet.context.AnnotationConfigServletWebServerApplicationContext@439b4b04: startup date [Fri Nov 02 14:43:53 CST 2018]; root of context hierarchy
===2018-11-02 14:43:55.109 INFO  org.springframework.context.support.PostProcessorRegistrationDelegate$BeanPostProcessorChecker Line:326 - Bean 'org.springframework.transaction.annotation.ProxyTransactionManagementConfiguration' of type [org.springframework.transaction.annotation.ProxyTransactionManagementConfiguration$$EnhancerBySpringCGLIB$$2a634252] is not eligible for getting processed by all BeanPostProcessors (for example: not eligible for auto-proxying)
===2018-11-02 14:43:56.144 INFO  org.springframework.boot.web.embedded.tomcat.TomcatWebServer Line:91  - Tomcat initialized with port(s): 8888 (http)
===2018-11-02 14:43:56.150 INFO  org.apache.coyote.http11.Http11NioProtocol Line:180 - Initializing ProtocolHandler ["http-nio-8888"]
===2018-11-02 14:43:56.151 INFO  org.apache.catalina.core.StandardService Line:180 - Starting service [Tomcat]
===2018-11-02 14:43:56.152 INFO  org.apache.catalina.core.StandardEngine Line:180 - Starting Servlet Engine: Apache Tomcat/8.5.32
===2018-11-02 14:43:56.190 INFO  org.apache.catalina.core.ContainerBase.[Tomcat].[localhost].[/api] Line:180 - Initializing Spring embedded WebApplicationContext
===2018-11-02 14:43:56.195 INFO  org.springframework.web.context.ContextLoader Line:285 - Root WebApplicationContext: initialization completed in 2757 ms
===2018-11-02 14:43:56.242 INFO  org.springframework.boot.web.servlet.ServletRegistrationBean Line:187 - Servlet dispatcherServlet mapped to [/]
===2018-11-02 14:43:56.243 INFO  org.springframework.boot.web.servlet.FilterRegistrationBean Line:245 - Mapping filter: 'characterEncodingFilter' to: [/*]
===2018-11-02 14:43:56.244 INFO  org.springframework.boot.web.servlet.FilterRegistrationBean Line:245 - Mapping filter: 'hiddenHttpMethodFilter' to: [/*]
===2018-11-02 14:43:56.249 INFO  org.springframework.boot.web.servlet.FilterRegistrationBean Line:245 - Mapping filter: 'httpPutFormContentFilter' to: [/*]
===2018-11-02 14:43:56.249 INFO  org.springframework.boot.web.servlet.FilterRegistrationBean Line:245 - Mapping filter: 'requestContextFilter' to: [/*]
===2018-11-02 14:43:56.556 INFO  com.zaxxer.hikari.HikariDataSource Line:110 - DatebookHikariCP - Starting...
===2018-11-02 14:43:57.357 INFO  com.zaxxer.hikari.HikariDataSource Line:123 - DatebookHikariCP - Start completed.
===2018-11-02 14:43:57.436 INFO  org.springframework.orm.jpa.LocalContainerEntityManagerFactoryBean Line:361 - Building JPA container EntityManagerFactory for persistence unit 'default'
===2018-11-02 14:43:57.436 INFO  org.hibernate.jpa.internal.util.LogHelper Line:31  - HHH000204: Processing PersistenceUnitInfo [
	name: default
	...]
===2018-11-02 14:43:57.515 INFO  org.hibernate.dialect.Dialect Line:157 - HHH000400: Using dialect: org.hibernate.dialect.MySQL5InnoDBDialect
===2018-11-02 14:43:57.877 INFO  org.hibernate.orm.connections.access Line:47  - HHH10001501: Connection obtained from JdbcConnectionAccess [org.hibernate.engine.jdbc.env.internal.JdbcEnvironmentInitiator$ConnectionProviderJdbcConnectionAccess@562bbb5e] for (non-JTA) DDL execution was not in auto-commit mode; the Connection 'local transaction' will be committed and the Connection will be set into auto-commit mode.
===2018-11-02 14:43:58.575 INFO  org.springframework.orm.jpa.LocalContainerEntityManagerFactoryBean Line:415 - Initialized JPA EntityManagerFactory for persistence unit 'default'
===2018-11-02 14:43:58.995 INFO  org.springframework.orm.jpa.LocalContainerEntityManagerFactoryBean Line:597 - Closing JPA EntityManagerFactory for persistence unit 'default'
===2018-11-02 14:43:58.996 INFO  com.zaxxer.hikari.HikariDataSource Line:381 - DatebookHikariCP - Shutdown initiated...
===2018-11-02 14:43:59.492 INFO  com.zaxxer.hikari.HikariDataSource Line:383 - DatebookHikariCP - Shutdown completed.
===2018-11-02 14:43:59.493 INFO  org.apache.catalina.core.StandardService Line:180 - Stopping service [Tomcat]
===2018-11-02 14:43:59.516 INFO  org.springframework.boot.autoconfigure.logging.ConditionEvaluationReportLoggingListener Line:101 - 

Error starting ApplicationContext. To display the conditions report re-run your application with 'debug' enabled.
===2018-11-02 14:44:16.678 INFO  com.asiainfo.projectmg.ProjectMgApplication Line:50  - Starting ProjectMgApplication on King-Pan-PC with PID 13231 (/Users/king-pan/git_repository/project-mg/target/classes started by king-pan in /Users/king-pan/git_repository/project-mg)
===2018-11-02 14:44:16.679 INFO  com.asiainfo.projectmg.ProjectMgApplication Line:666 - The following profiles are active: dev
===2018-11-02 14:44:16.687 INFO  org.springframework.boot.web.servlet.context.AnnotationConfigServletWebServerApplicationContext Line:590 - Refreshing org.springframework.boot.web.servlet.context.AnnotationConfigServletWebServerApplicationContext@60c6034d: startup date [Fri Nov 02 14:44:16 CST 2018]; root of context hierarchy
===2018-11-02 14:44:18.695 INFO  org.springframework.context.support.PostProcessorRegistrationDelegate$BeanPostProcessorChecker Line:326 - Bean 'org.springframework.transaction.annotation.ProxyTransactionManagementConfiguration' of type [org.springframework.transaction.annotation.ProxyTransactionManagementConfiguration$$EnhancerBySpringCGLIB$$2a634252] is not eligible for getting processed by all BeanPostProcessors (for example: not eligible for auto-proxying)
===2018-11-02 14:44:19.039 INFO  org.springframework.boot.web.embedded.tomcat.TomcatWebServer Line:91  - Tomcat initialized with port(s): 8888 (http)
===2018-11-02 14:44:19.041 INFO  org.apache.coyote.http11.Http11NioProtocol Line:180 - Initializing ProtocolHandler ["http-nio-8888"]
===2018-11-02 14:44:19.042 INFO  org.apache.catalina.core.StandardService Line:180 - Starting service [Tomcat]
===2018-11-02 14:44:19.046 INFO  org.apache.catalina.core.StandardEngine Line:180 - Starting Servlet Engine: Apache Tomcat/8.5.32
===2018-11-02 14:44:19.070 INFO  org.apache.catalina.core.ContainerBase.[Tomcat-1].[localhost].[/api] Line:180 - Initializing Spring embedded WebApplicationContext
===2018-11-02 14:44:19.071 INFO  org.springframework.web.context.ContextLoader Line:285 - Root WebApplicationContext: initialization completed in 2384 ms
===2018-11-02 14:44:19.106 INFO  org.springframework.boot.web.servlet.ServletRegistrationBean Line:187 - Servlet dispatcherServlet mapped to [/]
===2018-11-02 14:44:19.107 INFO  org.springframework.boot.web.servlet.FilterRegistrationBean Line:245 - Mapping filter: 'characterEncodingFilter' to: [/*]
===2018-11-02 14:44:19.108 INFO  org.springframework.boot.web.servlet.FilterRegistrationBean Line:245 - Mapping filter: 'hiddenHttpMethodFilter' to: [/*]
===2018-11-02 14:44:19.108 INFO  org.springframework.boot.web.servlet.FilterRegistrationBean Line:245 - Mapping filter: 'httpPutFormContentFilter' to: [/*]
===2018-11-02 14:44:19.109 INFO  org.springframework.boot.web.servlet.FilterRegistrationBean Line:245 - Mapping filter: 'requestContextFilter' to: [/*]
===2018-11-02 14:44:19.261 INFO  com.zaxxer.hikari.HikariDataSource Line:110 - DatebookHikariCP - Starting...
===2018-11-02 14:44:19.988 INFO  com.zaxxer.hikari.HikariDataSource Line:123 - DatebookHikariCP - Start completed.
===2018-11-02 14:44:20.050 INFO  org.springframework.orm.jpa.LocalContainerEntityManagerFactoryBean Line:361 - Building JPA container EntityManagerFactory for persistence unit 'default'
===2018-11-02 14:44:20.051 INFO  org.hibernate.jpa.internal.util.LogHelper Line:31  - HHH000204: Processing PersistenceUnitInfo [
	name: default
	...]
===2018-11-02 14:44:20.118 INFO  org.hibernate.dialect.Dialect Line:157 - HHH000400: Using dialect: org.hibernate.dialect.MySQL5InnoDBDialect
===2018-11-02 14:44:20.381 INFO  org.hibernate.orm.connections.access Line:47  - HHH10001501: Connection obtained from JdbcConnectionAccess [org.hibernate.engine.jdbc.env.internal.JdbcEnvironmentInitiator$ConnectionProviderJdbcConnectionAccess@1db09281] for (non-JTA) DDL execution was not in auto-commit mode; the Connection 'local transaction' will be committed and the Connection will be set into auto-commit mode.
===2018-11-02 14:44:20.920 INFO  org.springframework.orm.jpa.LocalContainerEntityManagerFactoryBean Line:415 - Initialized JPA EntityManagerFactory for persistence unit 'default'
===2018-11-02 14:44:21.685 INFO  org.hibernate.hql.internal.QueryTranslatorFactoryInitiator Line:47  - HHH000397: Using ASTQueryTranslatorFactory
===2018-11-02 14:44:21.954 INFO  org.springframework.web.servlet.handler.SimpleUrlHandlerMapping Line:373 - Mapped URL path [/**/favicon.ico] onto handler of type [class org.springframework.web.servlet.resource.ResourceHttpRequestHandler]
===2018-11-02 14:44:22.466 INFO  org.springframework.web.servlet.mvc.method.annotation.RequestMappingHandlerAdapter Line:574 - Looking for @ControllerAdvice: org.springframework.boot.web.servlet.context.AnnotationConfigServletWebServerApplicationContext@60c6034d: startup date [Fri Nov 02 14:44:16 CST 2018]; root of context hierarchy
===2018-11-02 14:44:22.614 INFO  org.springframework.web.servlet.mvc.method.annotation.RequestMappingHandlerMapping Line:547 - Mapped "{[/allot/list],methods=[GET]}" onto public java.lang.Object com.asiainfo.projectmg.web.controller.AllotController.list(com.asiainfo.projectmg.model.AllotInfo,org.springframework.data.domain.Pageable)
===2018-11-02 14:44:22.618 INFO  org.springframework.web.servlet.mvc.method.annotation.RequestMappingHandlerMapping Line:547 - Mapped "{[/allot/download],methods=[GET]}" onto public void com.asiainfo.projectmg.web.controller.AllotController.exportExcel(com.asiainfo.projectmg.model.AllotInfo,javax.servlet.http.HttpServletResponse)
===2018-11-02 14:44:22.620 INFO  org.springframework.web.servlet.mvc.method.annotation.RequestMappingHandlerMapping Line:547 - Mapped "{[/allot/]}" onto public org.springframework.web.servlet.ModelAndView com.asiainfo.projectmg.web.controller.AllotController.page()
===2018-11-02 14:44:22.663 INFO  org.springframework.web.servlet.mvc.method.annotation.RequestMappingHandlerMapping Line:547 - Mapped "{[/card/save]}" onto public com.asiainfo.projectmg.common.ServerResponse com.asiainfo.projectmg.web.controller.CardController.update(com.asiainfo.projectmg.model.CardInfo)
===2018-11-02 14:44:22.664 INFO  org.springframework.web.servlet.mvc.method.annotation.RequestMappingHandlerMapping Line:547 - Mapped "{[/card/list],methods=[GET]}" onto public java.lang.Object com.asiainfo.projectmg.web.controller.CardController.list(com.asiainfo.projectmg.model.CardInfo,org.springframework.data.domain.Pageable)
===2018-11-02 14:44:22.665 INFO  org.springframework.web.servlet.mvc.method.annotation.RequestMappingHandlerMapping Line:547 - Mapped "{[/card/fileUpload]}" onto public com.asiainfo.projectmg.common.ServerResponse com.asiainfo.projectmg.web.controller.CardController.fileUpload(javax.servlet.http.HttpServletRequest,org.springframework.web.multipart.MultipartFile)
===2018-11-02 14:44:22.665 INFO  org.springframework.web.servlet.mvc.method.annotation.RequestMappingHandlerMapping Line:547 - Mapped "{[/card/downloadExcelTemplate]}" onto public void com.asiainfo.projectmg.web.controller.CardController.downloadExcelTemplate(javax.servlet.http.HttpServletResponse)
===2018-11-02 14:44:22.666 INFO  org.springframework.web.servlet.mvc.method.annotation.RequestMappingHandlerMapping Line:547 - Mapped "{[/card/],methods=[DELETE]}" onto public com.asiainfo.projectmg.common.ServerResponse com.asiainfo.projectmg.web.controller.CardController.batchDelete(java.lang.Long[])
===2018-11-02 14:44:22.667 INFO  org.springframework.web.servlet.mvc.method.annotation.RequestMappingHandlerMapping Line:547 - Mapped "{[/card/]}" onto public org.springframework.web.servlet.ModelAndView com.asiainfo.projectmg.web.controller.CardController.page()
===2018-11-02 14:44:22.674 INFO  org.springframework.web.servlet.mvc.method.annotation.RequestMappingHandlerMapping Line:547 - Mapped "{[/demand/save]}" onto public com.asiainfo.projectmg.common.ServerResponse com.asiainfo.projectmg.web.controller.DemandController.update(com.asiainfo.projectmg.model.Demand)
===2018-11-02 14:44:22.675 INFO  org.springframework.web.servlet.mvc.method.annotation.RequestMappingHandlerMapping Line:547 - Mapped "{[/demand/list],methods=[GET]}" onto public java.lang.Object com.asiainfo.projectmg.web.controller.DemandController.list(com.asiainfo.projectmg.model.Demand,org.springframework.data.domain.Pageable)
===2018-11-02 14:44:22.676 INFO  org.springframework.web.servlet.mvc.method.annotation.RequestMappingHandlerMapping Line:547 - Mapped "{[/demand/allotHours]}" onto public com.asiainfo.projectmg.common.ServerResponse com.asiainfo.projectmg.web.controller.DemandController.allotHours(com.asiainfo.projectmg.model.form.AllotForm,java.lang.Long[])
===2018-11-02 14:44:22.676 INFO  org.springframework.web.servlet.mvc.method.annotation.RequestMappingHandlerMapping Line:547 - Mapped "{[/demand/fileUpload]}" onto public com.asiainfo.projectmg.common.ServerResponse com.asiainfo.projectmg.web.controller.DemandController.fileUpload(javax.servlet.http.HttpServletRequest,org.springframework.web.multipart.MultipartFile)
===2018-11-02 14:44:22.677 INFO  org.springframework.web.servlet.mvc.method.annotation.RequestMappingHandlerMapping Line:547 - Mapped "{[/demand/downloadExcelTemplate]}" onto public void com.asiainfo.projectmg.web.controller.DemandController.downloadExcelTemplate(javax.servlet.http.HttpServletResponse)
===2018-11-02 14:44:22.678 INFO  org.springframework.web.servlet.mvc.method.annotation.RequestMappingHandlerMapping Line:547 - Mapped "{[/demand/],methods=[DELETE]}" onto public com.asiainfo.projectmg.common.ServerResponse com.asiainfo.projectmg.web.controller.DemandController.batchDelete(java.lang.Long[])
===2018-11-02 14:44:22.679 INFO  org.springframework.web.servlet.mvc.method.annotation.RequestMappingHandlerMapping Line:547 - Mapped "{[/demand/],methods=[GET]}" onto public org.springframework.web.servlet.ModelAndView com.asiainfo.projectmg.web.controller.DemandController.page()
===2018-11-02 14:44:22.680 INFO  org.springframework.web.servlet.mvc.method.annotation.RequestMappingHandlerMapping Line:547 - Mapped "{[/]}" onto public org.springframework.web.servlet.ModelAndView com.asiainfo.projectmg.web.controller.HomeController.home()
===2018-11-02 14:44:22.681 INFO  org.springframework.web.servlet.mvc.method.annotation.RequestMappingHandlerMapping Line:547 - Mapped "{[/sso/login]}" onto public java.lang.Object com.asiainfo.projectmg.web.controller.UserController.login(java.lang.String,java.lang.String)
===2018-11-02 14:44:22.697 INFO  org.springframework.web.servlet.mvc.method.annotation.RequestMappingHandlerMapping Line:547 - Mapped "{[/error]}" onto public org.springframework.http.ResponseEntity<java.util.Map<java.lang.String, java.lang.Object>> org.springframework.boot.autoconfigure.web.servlet.error.BasicErrorController.error(javax.servlet.http.HttpServletRequest)
===2018-11-02 14:44:22.698 INFO  org.springframework.web.servlet.mvc.method.annotation.RequestMappingHandlerMapping Line:547 - Mapped "{[/error],produces=[text/html]}" onto public org.springframework.web.servlet.ModelAndView org.springframework.boot.autoconfigure.web.servlet.error.BasicErrorController.errorHtml(javax.servlet.http.HttpServletRequest,javax.servlet.http.HttpServletResponse)
===2018-11-02 14:44:22.750 INFO  org.springframework.web.servlet.handler.SimpleUrlHandlerMapping Line:373 - Mapped URL path [/webjars/**] onto handler of type [class org.springframework.web.servlet.resource.ResourceHttpRequestHandler]
===2018-11-02 14:44:22.750 INFO  org.springframework.web.servlet.handler.SimpleUrlHandlerMapping Line:373 - Mapped URL path [/**] onto handler of type [class org.springframework.web.servlet.resource.ResourceHttpRequestHandler]
===2018-11-02 14:44:23.708 INFO  org.springframework.jmx.export.annotation.AnnotationMBeanExporter Line:433 - Registering beans for JMX exposure on startup
===2018-11-02 14:44:23.710 INFO  org.springframework.jmx.export.annotation.AnnotationMBeanExporter Line:895 - Bean with name 'dataSource' has been autodetected for JMX exposure
===2018-11-02 14:44:23.721 INFO  org.springframework.jmx.export.annotation.AnnotationMBeanExporter Line:668 - Located MBean 'dataSource': registering with JMX server as MBean [com.zaxxer.hikari:name=dataSource,type=HikariDataSource]
===2018-11-02 14:44:23.733 INFO  org.apache.coyote.http11.Http11NioProtocol Line:180 - Starting ProtocolHandler ["http-nio-8888"]
===2018-11-02 14:44:23.735 INFO  org.apache.tomcat.util.net.NioSelectorPool Line:180 - Using a shared selector for servlet write/read
===2018-11-02 14:44:23.741 INFO  org.springframework.boot.web.embedded.tomcat.TomcatWebServer Line:206 - Tomcat started on port(s): 8888 (http) with context path '/api'
===2018-11-02 14:44:23.743 INFO  com.asiainfo.projectmg.ProjectMgApplication Line:59  - Started ProjectMgApplication in 7.196 seconds (JVM running for 243.658)
===2018-11-02 14:44:23.752 INFO  org.springframework.boot.devtools.autoconfigure.ConditionEvaluationDeltaLoggingListener Line:56  - Condition evaluation unchanged
===2018-11-02 14:44:58.119 INFO  org.springframework.boot.web.servlet.context.AnnotationConfigServletWebServerApplicationContext Line:993 - Closing org.springframework.boot.web.servlet.context.AnnotationConfigServletWebServerApplicationContext@60c6034d: startup date [Fri Nov 02 14:44:16 CST 2018]; root of context hierarchy
===2018-11-02 14:44:58.152 INFO  org.springframework.jmx.export.annotation.AnnotationMBeanExporter Line:451 - Unregistering JMX-exposed beans on shutdown
===2018-11-02 14:44:58.154 INFO  org.springframework.jmx.export.annotation.AnnotationMBeanExporter Line:185 - Unregistering JMX-exposed beans
===2018-11-02 14:44:58.162 INFO  org.springframework.orm.jpa.LocalContainerEntityManagerFactoryBean Line:597 - Closing JPA EntityManagerFactory for persistence unit 'default'
===2018-11-02 14:44:58.180 INFO  com.zaxxer.hikari.HikariDataSource Line:381 - DatebookHikariCP - Shutdown initiated...
===2018-11-02 14:44:58.526 INFO  com.zaxxer.hikari.HikariDataSource Line:383 - DatebookHikariCP - Shutdown completed.
===2018-11-02 14:44:59.663 INFO  com.asiainfo.projectmg.ProjectMgApplication Line:50  - Starting ProjectMgApplication on King-Pan-PC with PID 13231 (/Users/king-pan/git_repository/project-mg/target/classes started by king-pan in /Users/king-pan/git_repository/project-mg)
===2018-11-02 14:44:59.663 INFO  com.asiainfo.projectmg.ProjectMgApplication Line:666 - The following profiles are active: dev
===2018-11-02 14:44:59.670 INFO  org.springframework.boot.web.servlet.context.AnnotationConfigServletWebServerApplicationContext Line:590 - Refreshing org.springframework.boot.web.servlet.context.AnnotationConfigServletWebServerApplicationContext@e38ca07: startup date [Fri Nov 02 14:44:59 CST 2018]; root of context hierarchy
===2018-11-02 14:45:00.961 INFO  org.springframework.context.support.PostProcessorRegistrationDelegate$BeanPostProcessorChecker Line:326 - Bean 'org.springframework.transaction.annotation.ProxyTransactionManagementConfiguration' of type [org.springframework.transaction.annotation.ProxyTransactionManagementConfiguration$$EnhancerBySpringCGLIB$$2a634252] is not eligible for getting processed by all BeanPostProcessors (for example: not eligible for auto-proxying)
===2018-11-02 14:45:01.189 INFO  org.springframework.boot.web.embedded.tomcat.TomcatWebServer Line:91  - Tomcat initialized with port(s): 8888 (http)
===2018-11-02 14:45:01.195 INFO  org.apache.coyote.http11.Http11NioProtocol Line:180 - Initializing ProtocolHandler ["http-nio-8888"]
===2018-11-02 14:45:01.196 INFO  org.apache.catalina.core.StandardService Line:180 - Starting service [Tomcat]
===2018-11-02 14:45:01.196 INFO  org.apache.catalina.core.StandardEngine Line:180 - Starting Servlet Engine: Apache Tomcat/8.5.32
===2018-11-02 14:45:01.214 INFO  org.apache.catalina.core.ContainerBase.[Tomcat-1].[localhost].[/api] Line:180 - Initializing Spring embedded WebApplicationContext
===2018-11-02 14:45:01.216 INFO  org.springframework.web.context.ContextLoader Line:285 - Root WebApplicationContext: initialization completed in 1546 ms
===2018-11-02 14:45:01.244 INFO  org.springframework.boot.web.servlet.ServletRegistrationBean Line:187 - Servlet dispatcherServlet mapped to [/]
===2018-11-02 14:45:01.245 INFO  org.springframework.boot.web.servlet.FilterRegistrationBean Line:245 - Mapping filter: 'characterEncodingFilter' to: [/*]
===2018-11-02 14:45:01.245 INFO  org.springframework.boot.web.servlet.FilterRegistrationBean Line:245 - Mapping filter: 'hiddenHttpMethodFilter' to: [/*]
===2018-11-02 14:45:01.246 INFO  org.springframework.boot.web.servlet.FilterRegistrationBean Line:245 - Mapping filter: 'httpPutFormContentFilter' to: [/*]
===2018-11-02 14:45:01.246 INFO  org.springframework.boot.web.servlet.FilterRegistrationBean Line:245 - Mapping filter: 'requestContextFilter' to: [/*]
===2018-11-02 14:45:01.349 INFO  com.zaxxer.hikari.HikariDataSource Line:110 - DatebookHikariCP - Starting...
===2018-11-02 14:45:02.046 INFO  com.zaxxer.hikari.HikariDataSource Line:123 - DatebookHikariCP - Start completed.
===2018-11-02 14:45:02.185 INFO  org.springframework.orm.jpa.LocalContainerEntityManagerFactoryBean Line:361 - Building JPA container EntityManagerFactory for persistence unit 'default'
===2018-11-02 14:45:02.186 INFO  org.hibernate.jpa.internal.util.LogHelper Line:31  - HHH000204: Processing PersistenceUnitInfo [
	name: default
	...]
===2018-11-02 14:45:02.273 INFO  org.hibernate.dialect.Dialect Line:157 - HHH000400: Using dialect: org.hibernate.dialect.MySQL5InnoDBDialect
===2018-11-02 14:45:02.478 INFO  org.hibernate.orm.connections.access Line:47  - HHH10001501: Connection obtained from JdbcConnectionAccess [org.hibernate.engine.jdbc.env.internal.JdbcEnvironmentInitiator$ConnectionProviderJdbcConnectionAccess@25ad48a8] for (non-JTA) DDL execution was not in auto-commit mode; the Connection 'local transaction' will be committed and the Connection will be set into auto-commit mode.
===2018-11-02 14:45:02.892 INFO  org.springframework.orm.jpa.LocalContainerEntityManagerFactoryBean Line:415 - Initialized JPA EntityManagerFactory for persistence unit 'default'
===2018-11-02 14:45:03.229 INFO  org.hibernate.hql.internal.QueryTranslatorFactoryInitiator Line:47  - HHH000397: Using ASTQueryTranslatorFactory
===2018-11-02 14:45:03.386 INFO  org.springframework.web.servlet.handler.SimpleUrlHandlerMapping Line:373 - Mapped URL path [/**/favicon.ico] onto handler of type [class org.springframework.web.servlet.resource.ResourceHttpRequestHandler]
===2018-11-02 14:45:03.713 INFO  org.springframework.web.servlet.mvc.method.annotation.RequestMappingHandlerAdapter Line:574 - Looking for @ControllerAdvice: org.springframework.boot.web.servlet.context.AnnotationConfigServletWebServerApplicationContext@e38ca07: startup date [Fri Nov 02 14:44:59 CST 2018]; root of context hierarchy
===2018-11-02 14:45:03.800 INFO  org.springframework.web.servlet.mvc.method.annotation.RequestMappingHandlerMapping Line:547 - Mapped "{[/allot/list],methods=[GET]}" onto public java.lang.Object com.asiainfo.projectmg.web.controller.AllotController.list(com.asiainfo.projectmg.model.AllotInfo,org.springframework.data.domain.Pageable)
===2018-11-02 14:45:03.801 INFO  org.springframework.web.servlet.mvc.method.annotation.RequestMappingHandlerMapping Line:547 - Mapped "{[/allot/download],methods=[GET]}" onto public void com.asiainfo.projectmg.web.controller.AllotController.exportExcel(com.asiainfo.projectmg.model.AllotInfo,javax.servlet.http.HttpServletResponse)
===2018-11-02 14:45:03.802 INFO  org.springframework.web.servlet.mvc.method.annotation.RequestMappingHandlerMapping Line:547 - Mapped "{[/allot/]}" onto public org.springframework.web.servlet.ModelAndView com.asiainfo.projectmg.web.controller.AllotController.page()
===2018-11-02 14:45:03.808 INFO  org.springframework.web.servlet.mvc.method.annotation.RequestMappingHandlerMapping Line:547 - Mapped "{[/card/save]}" onto public com.asiainfo.projectmg.common.ServerResponse com.asiainfo.projectmg.web.controller.CardController.update(com.asiainfo.projectmg.model.CardInfo)
===2018-11-02 14:45:03.808 INFO  org.springframework.web.servlet.mvc.method.annotation.RequestMappingHandlerMapping Line:547 - Mapped "{[/card/list],methods=[GET]}" onto public java.lang.Object com.asiainfo.projectmg.web.controller.CardController.list(com.asiainfo.projectmg.model.CardInfo,org.springframework.data.domain.Pageable)
===2018-11-02 14:45:03.809 INFO  org.springframework.web.servlet.mvc.method.annotation.RequestMappingHandlerMapping Line:547 - Mapped "{[/card/fileUpload]}" onto public com.asiainfo.projectmg.common.ServerResponse com.asiainfo.projectmg.web.controller.CardController.fileUpload(javax.servlet.http.HttpServletRequest,org.springframework.web.multipart.MultipartFile)
===2018-11-02 14:45:03.810 INFO  org.springframework.web.servlet.mvc.method.annotation.RequestMappingHandlerMapping Line:547 - Mapped "{[/card/downloadExcelTemplate]}" onto public void com.asiainfo.projectmg.web.controller.CardController.downloadExcelTemplate(javax.servlet.http.HttpServletResponse)
===2018-11-02 14:45:03.811 INFO  org.springframework.web.servlet.mvc.method.annotation.RequestMappingHandlerMapping Line:547 - Mapped "{[/card/],methods=[DELETE]}" onto public com.asiainfo.projectmg.common.ServerResponse com.asiainfo.projectmg.web.controller.CardController.batchDelete(java.lang.Long[])
===2018-11-02 14:45:03.812 INFO  org.springframework.web.servlet.mvc.method.annotation.RequestMappingHandlerMapping Line:547 - Mapped "{[/card/]}" onto public org.springframework.web.servlet.ModelAndView com.asiainfo.projectmg.web.controller.CardController.page()
===2018-11-02 14:45:03.817 INFO  org.springframework.web.servlet.mvc.method.annotation.RequestMappingHandlerMapping Line:547 - Mapped "{[/demand/save]}" onto public com.asiainfo.projectmg.common.ServerResponse com.asiainfo.projectmg.web.controller.DemandController.update(com.asiainfo.projectmg.model.Demand)
===2018-11-02 14:45:03.818 INFO  org.springframework.web.servlet.mvc.method.annotation.RequestMappingHandlerMapping Line:547 - Mapped "{[/demand/list],methods=[GET]}" onto public java.lang.Object com.asiainfo.projectmg.web.controller.DemandController.list(com.asiainfo.projectmg.model.Demand,org.springframework.data.domain.Pageable)
===2018-11-02 14:45:03.819 INFO  org.springframework.web.servlet.mvc.method.annotation.RequestMappingHandlerMapping Line:547 - Mapped "{[/demand/allotHours]}" onto public com.asiainfo.projectmg.common.ServerResponse com.asiainfo.projectmg.web.controller.DemandController.allotHours(com.asiainfo.projectmg.model.form.AllotForm,java.lang.Long[])
===2018-11-02 14:45:03.820 INFO  org.springframework.web.servlet.mvc.method.annotation.RequestMappingHandlerMapping Line:547 - Mapped "{[/demand/fileUpload]}" onto public com.asiainfo.projectmg.common.ServerResponse com.asiainfo.projectmg.web.controller.DemandController.fileUpload(javax.servlet.http.HttpServletRequest,org.springframework.web.multipart.MultipartFile)
===2018-11-02 14:45:03.821 INFO  org.springframework.web.servlet.mvc.method.annotation.RequestMappingHandlerMapping Line:547 - Mapped "{[/demand/downloadExcelTemplate]}" onto public void com.asiainfo.projectmg.web.controller.DemandController.downloadExcelTemplate(javax.servlet.http.HttpServletResponse)
===2018-11-02 14:45:03.824 INFO  org.springframework.web.servlet.mvc.method.annotation.RequestMappingHandlerMapping Line:547 - Mapped "{[/demand/],methods=[DELETE]}" onto public com.asiainfo.projectmg.common.ServerResponse com.asiainfo.projectmg.web.controller.DemandController.batchDelete(java.lang.Long[])
===2018-11-02 14:45:03.825 INFO  org.springframework.web.servlet.mvc.method.annotation.RequestMappingHandlerMapping Line:547 - Mapped "{[/demand/],methods=[GET]}" onto public org.springframework.web.servlet.ModelAndView com.asiainfo.projectmg.web.controller.DemandController.page()
===2018-11-02 14:45:03.832 INFO  org.springframework.web.servlet.mvc.method.annotation.RequestMappingHandlerMapping Line:547 - Mapped "{[/]}" onto public org.springframework.web.servlet.ModelAndView com.asiainfo.projectmg.web.controller.HomeController.home()
===2018-11-02 14:45:03.833 INFO  org.springframework.web.servlet.mvc.method.annotation.RequestMappingHandlerMapping Line:547 - Mapped "{[/sso/login]}" onto public java.lang.Object com.asiainfo.projectmg.web.controller.UserController.login(java.lang.String,java.lang.String)
===2018-11-02 14:45:03.837 INFO  org.springframework.web.servlet.mvc.method.annotation.RequestMappingHandlerMapping Line:547 - Mapped "{[/error]}" onto public org.springframework.http.ResponseEntity<java.util.Map<java.lang.String, java.lang.Object>> org.springframework.boot.autoconfigure.web.servlet.error.BasicErrorController.error(javax.servlet.http.HttpServletRequest)
===2018-11-02 14:45:03.838 INFO  org.springframework.web.servlet.mvc.method.annotation.RequestMappingHandlerMapping Line:547 - Mapped "{[/error],produces=[text/html]}" onto public org.springframework.web.servlet.ModelAndView org.springframework.boot.autoconfigure.web.servlet.error.BasicErrorController.errorHtml(javax.servlet.http.HttpServletRequest,javax.servlet.http.HttpServletResponse)
===2018-11-02 14:45:03.909 INFO  org.springframework.web.servlet.handler.SimpleUrlHandlerMapping Line:373 - Mapped URL path [/webjars/**] onto handler of type [class org.springframework.web.servlet.resource.ResourceHttpRequestHandler]
===2018-11-02 14:45:03.910 INFO  org.springframework.web.servlet.handler.SimpleUrlHandlerMapping Line:373 - Mapped URL path [/**] onto handler of type [class org.springframework.web.servlet.resource.ResourceHttpRequestHandler]
===2018-11-02 14:45:04.619 INFO  org.springframework.jmx.export.annotation.AnnotationMBeanExporter Line:433 - Registering beans for JMX exposure on startup
===2018-11-02 14:45:04.621 INFO  org.springframework.jmx.export.annotation.AnnotationMBeanExporter Line:895 - Bean with name 'dataSource' has been autodetected for JMX exposure
===2018-11-02 14:45:04.654 INFO  org.springframework.jmx.export.annotation.AnnotationMBeanExporter Line:668 - Located MBean 'dataSource': registering with JMX server as MBean [com.zaxxer.hikari:name=dataSource,type=HikariDataSource]
===2018-11-02 14:45:04.675 INFO  org.apache.coyote.http11.Http11NioProtocol Line:180 - Starting ProtocolHandler ["http-nio-8888"]
===2018-11-02 14:45:04.675 INFO  org.apache.tomcat.util.net.NioSelectorPool Line:180 - Using a shared selector for servlet write/read
===2018-11-02 14:45:04.680 INFO  org.springframework.boot.web.embedded.tomcat.TomcatWebServer Line:206 - Tomcat started on port(s): 8888 (http) with context path '/api'
===2018-11-02 14:45:04.682 INFO  com.asiainfo.projectmg.ProjectMgApplication Line:59  - Started ProjectMgApplication in 5.167 seconds (JVM running for 284.597)
===2018-11-02 14:45:04.688 INFO  org.springframework.boot.devtools.autoconfigure.ConditionEvaluationDeltaLoggingListener Line:56  - Condition evaluation unchanged
===2018-11-02 14:45:06.750 INFO  org.springframework.boot.web.servlet.context.AnnotationConfigServletWebServerApplicationContext Line:993 - Closing org.springframework.boot.web.servlet.context.AnnotationConfigServletWebServerApplicationContext@e38ca07: startup date [Fri Nov 02 14:44:59 CST 2018]; root of context hierarchy
===2018-11-02 14:45:06.753 INFO  org.springframework.jmx.export.annotation.AnnotationMBeanExporter Line:451 - Unregistering JMX-exposed beans on shutdown
===2018-11-02 14:45:06.754 INFO  org.springframework.jmx.export.annotation.AnnotationMBeanExporter Line:185 - Unregistering JMX-exposed beans
===2018-11-02 14:45:06.756 INFO  org.springframework.orm.jpa.LocalContainerEntityManagerFactoryBean Line:597 - Closing JPA EntityManagerFactory for persistence unit 'default'
===2018-11-02 14:45:06.757 INFO  com.zaxxer.hikari.HikariDataSource Line:381 - DatebookHikariCP - Shutdown initiated...
===2018-11-02 14:45:07.531 INFO  com.zaxxer.hikari.HikariDataSource Line:383 - DatebookHikariCP - Shutdown completed.
===2018-11-02 14:45:20.554 INFO  com.asiainfo.projectmg.ProjectMgApplication Line:50  - Starting ProjectMgApplication on King-Pan-PC with PID 13363 (/Users/king-pan/git_repository/project-mg/target/classes started by king-pan in /Users/king-pan/git_repository/project-mg)
===2018-11-02 14:45:20.556 INFO  com.asiainfo.projectmg.ProjectMgApplication Line:666 - The following profiles are active: dev
===2018-11-02 14:45:20.778 INFO  org.springframework.boot.web.servlet.context.AnnotationConfigServletWebServerApplicationContext Line:590 - Refreshing org.springframework.boot.web.servlet.context.AnnotationConfigServletWebServerApplicationContext@208d7bd9: startup date [Fri Nov 02 14:45:20 CST 2018]; root of context hierarchy
===2018-11-02 14:45:25.192 INFO  org.springframework.context.support.PostProcessorRegistrationDelegate$BeanPostProcessorChecker Line:326 - Bean 'org.springframework.transaction.annotation.ProxyTransactionManagementConfiguration' of type [org.springframework.transaction.annotation.ProxyTransactionManagementConfiguration$$EnhancerBySpringCGLIB$$f524fc86] is not eligible for getting processed by all BeanPostProcessors (for example: not eligible for auto-proxying)
===2018-11-02 14:45:27.110 INFO  org.springframework.boot.web.embedded.tomcat.TomcatWebServer Line:91  - Tomcat initialized with port(s): 8888 (http)
===2018-11-02 14:45:27.162 INFO  org.apache.coyote.http11.Http11NioProtocol Line:180 - Initializing ProtocolHandler ["http-nio-8888"]
===2018-11-02 14:45:27.205 INFO  org.apache.catalina.core.StandardService Line:180 - Starting service [Tomcat]
===2018-11-02 14:45:27.206 INFO  org.apache.catalina.core.StandardEngine Line:180 - Starting Servlet Engine: Apache Tomcat/8.5.32
===2018-11-02 14:45:27.223 INFO  org.apache.catalina.core.AprLifecycleListener Line:180 - The APR based Apache Tomcat Native library which allows optimal performance in production environments was not found on the java.library.path: [/Users/king-pan/Library/Java/Extensions:/Library/Java/Extensions:/Network/Library/Java/Extensions:/System/Library/Java/Extensions:/usr/lib/java:.]
===2018-11-02 14:45:27.468 INFO  org.apache.catalina.core.ContainerBase.[Tomcat].[localhost].[/api] Line:180 - Initializing Spring embedded WebApplicationContext
===2018-11-02 14:45:27.469 INFO  org.springframework.web.context.ContextLoader Line:285 - Root WebApplicationContext: initialization completed in 6691 ms
===2018-11-02 14:45:27.652 INFO  org.springframework.boot.web.servlet.ServletRegistrationBean Line:187 - Servlet dispatcherServlet mapped to [/]
===2018-11-02 14:45:27.661 INFO  org.springframework.boot.web.servlet.FilterRegistrationBean Line:245 - Mapping filter: 'characterEncodingFilter' to: [/*]
===2018-11-02 14:45:27.662 INFO  org.springframework.boot.web.servlet.FilterRegistrationBean Line:245 - Mapping filter: 'hiddenHttpMethodFilter' to: [/*]
===2018-11-02 14:45:27.663 INFO  org.springframework.boot.web.servlet.FilterRegistrationBean Line:245 - Mapping filter: 'httpPutFormContentFilter' to: [/*]
===2018-11-02 14:45:27.663 INFO  org.springframework.boot.web.servlet.FilterRegistrationBean Line:245 - Mapping filter: 'requestContextFilter' to: [/*]
===2018-11-02 14:45:28.169 INFO  com.zaxxer.hikari.HikariDataSource Line:110 - DatebookHikariCP - Starting...
===2018-11-02 14:45:30.007 INFO  com.zaxxer.hikari.HikariDataSource Line:123 - DatebookHikariCP - Start completed.
===2018-11-02 14:45:30.176 INFO  org.springframework.orm.jpa.LocalContainerEntityManagerFactoryBean Line:361 - Building JPA container EntityManagerFactory for persistence unit 'default'
===2018-11-02 14:45:30.203 INFO  org.hibernate.jpa.internal.util.LogHelper Line:31  - HHH000204: Processing PersistenceUnitInfo [
	name: default
	...]
===2018-11-02 14:45:30.344 INFO  org.hibernate.Version Line:45  - HHH000412: Hibernate Core {5.2.17.Final}
===2018-11-02 14:45:30.347 INFO  org.hibernate.cfg.Environment Line:213 - HHH000206: hibernate.properties not found
===2018-11-02 14:45:30.421 INFO  org.hibernate.annotations.common.Version Line:66  - HCANN000001: Hibernate Commons Annotations {5.0.1.Final}
===2018-11-02 14:45:30.783 INFO  org.hibernate.dialect.Dialect Line:157 - HHH000400: Using dialect: org.hibernate.dialect.MySQL5InnoDBDialect
===2018-11-02 14:45:32.055 INFO  org.hibernate.orm.connections.access Line:47  - HHH10001501: Connection obtained from JdbcConnectionAccess [org.hibernate.engine.jdbc.env.internal.JdbcEnvironmentInitiator$ConnectionProviderJdbcConnectionAccess@1ecd4520] for (non-JTA) DDL execution was not in auto-commit mode; the Connection 'local transaction' will be committed and the Connection will be set into auto-commit mode.
===2018-11-02 14:45:32.658 INFO  org.springframework.orm.jpa.LocalContainerEntityManagerFactoryBean Line:415 - Initialized JPA EntityManagerFactory for persistence unit 'default'
===2018-11-02 14:45:34.268 INFO  org.hibernate.hql.internal.QueryTranslatorFactoryInitiator Line:47  - HHH000397: Using ASTQueryTranslatorFactory
===2018-11-02 14:45:34.986 INFO  org.springframework.web.servlet.handler.SimpleUrlHandlerMapping Line:373 - Mapped URL path [/**/favicon.ico] onto handler of type [class org.springframework.web.servlet.resource.ResourceHttpRequestHandler]
===2018-11-02 14:45:35.532 INFO  org.springframework.web.servlet.mvc.method.annotation.RequestMappingHandlerAdapter Line:574 - Looking for @ControllerAdvice: org.springframework.boot.web.servlet.context.AnnotationConfigServletWebServerApplicationContext@208d7bd9: startup date [Fri Nov 02 14:45:20 CST 2018]; root of context hierarchy
===2018-11-02 14:45:35.736 INFO  org.springframework.web.servlet.mvc.method.annotation.RequestMappingHandlerMapping Line:547 - Mapped "{[/allot/list],methods=[GET]}" onto public java.lang.Object com.asiainfo.projectmg.web.controller.AllotController.list(com.asiainfo.projectmg.model.AllotInfo,org.springframework.data.domain.Pageable)
===2018-11-02 14:45:35.737 INFO  org.springframework.web.servlet.mvc.method.annotation.RequestMappingHandlerMapping Line:547 - Mapped "{[/allot/download],methods=[GET]}" onto public void com.asiainfo.projectmg.web.controller.AllotController.exportExcel(com.asiainfo.projectmg.model.AllotInfo,javax.servlet.http.HttpServletResponse)
===2018-11-02 14:45:35.738 INFO  org.springframework.web.servlet.mvc.method.annotation.RequestMappingHandlerMapping Line:547 - Mapped "{[/allot/]}" onto public org.springframework.web.servlet.ModelAndView com.asiainfo.projectmg.web.controller.AllotController.page()
===2018-11-02 14:45:35.744 INFO  org.springframework.web.servlet.mvc.method.annotation.RequestMappingHandlerMapping Line:547 - Mapped "{[/card/save]}" onto public com.asiainfo.projectmg.common.ServerResponse com.asiainfo.projectmg.web.controller.CardController.update(com.asiainfo.projectmg.model.CardInfo)
===2018-11-02 14:45:35.745 INFO  org.springframework.web.servlet.mvc.method.annotation.RequestMappingHandlerMapping Line:547 - Mapped "{[/card/list],methods=[GET]}" onto public java.lang.Object com.asiainfo.projectmg.web.controller.CardController.list(com.asiainfo.projectmg.model.CardInfo,org.springframework.data.domain.Pageable)
===2018-11-02 14:45:35.746 INFO  org.springframework.web.servlet.mvc.method.annotation.RequestMappingHandlerMapping Line:547 - Mapped "{[/card/fileUpload]}" onto public com.asiainfo.projectmg.common.ServerResponse com.asiainfo.projectmg.web.controller.CardController.fileUpload(javax.servlet.http.HttpServletRequest,org.springframework.web.multipart.MultipartFile)
===2018-11-02 14:45:35.748 INFO  org.springframework.web.servlet.mvc.method.annotation.RequestMappingHandlerMapping Line:547 - Mapped "{[/card/downloadExcelTemplate]}" onto public void com.asiainfo.projectmg.web.controller.CardController.downloadExcelTemplate(javax.servlet.http.HttpServletResponse)
===2018-11-02 14:45:35.749 INFO  org.springframework.web.servlet.mvc.method.annotation.RequestMappingHandlerMapping Line:547 - Mapped "{[/card/],methods=[DELETE]}" onto public com.asiainfo.projectmg.common.ServerResponse com.asiainfo.projectmg.web.controller.CardController.batchDelete(java.lang.Long[])
===2018-11-02 14:45:35.760 INFO  org.springframework.web.servlet.mvc.method.annotation.RequestMappingHandlerMapping Line:547 - Mapped "{[/card/]}" onto public org.springframework.web.servlet.ModelAndView com.asiainfo.projectmg.web.controller.CardController.page()
===2018-11-02 14:45:35.784 INFO  org.springframework.web.servlet.mvc.method.annotation.RequestMappingHandlerMapping Line:547 - Mapped "{[/demand/save]}" onto public com.asiainfo.projectmg.common.ServerResponse com.asiainfo.projectmg.web.controller.DemandController.update(com.asiainfo.projectmg.model.Demand)
===2018-11-02 14:45:35.785 INFO  org.springframework.web.servlet.mvc.method.annotation.RequestMappingHandlerMapping Line:547 - Mapped "{[/demand/list],methods=[GET]}" onto public java.lang.Object com.asiainfo.projectmg.web.controller.DemandController.list(com.asiainfo.projectmg.model.Demand,org.springframework.data.domain.Pageable)
===2018-11-02 14:45:35.786 INFO  org.springframework.web.servlet.mvc.method.annotation.RequestMappingHandlerMapping Line:547 - Mapped "{[/demand/allotHours]}" onto public com.asiainfo.projectmg.common.ServerResponse com.asiainfo.projectmg.web.controller.DemandController.allotHours(com.asiainfo.projectmg.model.form.AllotForm,java.lang.Long[])
===2018-11-02 14:45:35.788 INFO  org.springframework.web.servlet.mvc.method.annotation.RequestMappingHandlerMapping Line:547 - Mapped "{[/demand/fileUpload]}" onto public com.asiainfo.projectmg.common.ServerResponse com.asiainfo.projectmg.web.controller.DemandController.fileUpload(javax.servlet.http.HttpServletRequest,org.springframework.web.multipart.MultipartFile)
===2018-11-02 14:45:35.789 INFO  org.springframework.web.servlet.mvc.method.annotation.RequestMappingHandlerMapping Line:547 - Mapped "{[/demand/downloadExcelTemplate]}" onto public void com.asiainfo.projectmg.web.controller.DemandController.downloadExcelTemplate(javax.servlet.http.HttpServletResponse)
===2018-11-02 14:45:35.790 INFO  org.springframework.web.servlet.mvc.method.annotation.RequestMappingHandlerMapping Line:547 - Mapped "{[/demand/],methods=[DELETE]}" onto public com.asiainfo.projectmg.common.ServerResponse com.asiainfo.projectmg.web.controller.DemandController.batchDelete(java.lang.Long[])
===2018-11-02 14:45:35.801 INFO  org.springframework.web.servlet.mvc.method.annotation.RequestMappingHandlerMapping Line:547 - Mapped "{[/demand/],methods=[GET]}" onto public org.springframework.web.servlet.ModelAndView com.asiainfo.projectmg.web.controller.DemandController.page()
===2018-11-02 14:45:35.802 INFO  org.springframework.web.servlet.mvc.method.annotation.RequestMappingHandlerMapping Line:547 - Mapped "{[/]}" onto public org.springframework.web.servlet.ModelAndView com.asiainfo.projectmg.web.controller.HomeController.home()
===2018-11-02 14:45:35.804 INFO  org.springframework.web.servlet.mvc.method.annotation.RequestMappingHandlerMapping Line:547 - Mapped "{[/sso/login]}" onto public java.lang.Object com.asiainfo.projectmg.web.controller.UserController.login(java.lang.String,java.lang.String)
===2018-11-02 14:45:35.835 INFO  org.springframework.web.servlet.mvc.method.annotation.RequestMappingHandlerMapping Line:547 - Mapped "{[/error]}" onto public org.springframework.http.ResponseEntity<java.util.Map<java.lang.String, java.lang.Object>> org.springframework.boot.autoconfigure.web.servlet.error.BasicErrorController.error(javax.servlet.http.HttpServletRequest)
===2018-11-02 14:45:35.837 INFO  org.springframework.web.servlet.mvc.method.annotation.RequestMappingHandlerMapping Line:547 - Mapped "{[/error],produces=[text/html]}" onto public org.springframework.web.servlet.ModelAndView org.springframework.boot.autoconfigure.web.servlet.error.BasicErrorController.errorHtml(javax.servlet.http.HttpServletRequest,javax.servlet.http.HttpServletResponse)
===2018-11-02 14:45:35.907 INFO  org.springframework.web.servlet.handler.SimpleUrlHandlerMapping Line:373 - Mapped URL path [/webjars/**] onto handler of type [class org.springframework.web.servlet.resource.ResourceHttpRequestHandler]
===2018-11-02 14:45:35.909 INFO  org.springframework.web.servlet.handler.SimpleUrlHandlerMapping Line:373 - Mapped URL path [/**] onto handler of type [class org.springframework.web.servlet.resource.ResourceHttpRequestHandler]
===2018-11-02 14:45:37.456 INFO  org.springframework.jmx.export.annotation.AnnotationMBeanExporter Line:433 - Registering beans for JMX exposure on startup
===2018-11-02 14:45:37.464 INFO  org.springframework.jmx.export.annotation.AnnotationMBeanExporter Line:895 - Bean with name 'dataSource' has been autodetected for JMX exposure
===2018-11-02 14:45:37.483 INFO  org.springframework.jmx.export.annotation.AnnotationMBeanExporter Line:668 - Located MBean 'dataSource': registering with JMX server as MBean [com.zaxxer.hikari:name=dataSource,type=HikariDataSource]
===2018-11-02 14:45:37.521 INFO  org.apache.coyote.http11.Http11NioProtocol Line:180 - Starting ProtocolHandler ["http-nio-8888"]
===2018-11-02 14:45:37.554 INFO  org.apache.tomcat.util.net.NioSelectorPool Line:180 - Using a shared selector for servlet write/read
===2018-11-02 14:45:37.610 INFO  org.springframework.boot.web.embedded.tomcat.TomcatWebServer Line:206 - Tomcat started on port(s): 8888 (http) with context path '/api'
===2018-11-02 14:45:37.620 INFO  com.asiainfo.projectmg.ProjectMgApplication Line:59  - Started ProjectMgApplication in 18.376 seconds (JVM running for 19.979)
===2018-11-02 14:46:10.786 INFO  org.apache.catalina.core.ContainerBase.[Tomcat].[localhost].[/api] Line:180 - Initializing Spring FrameworkServlet 'dispatcherServlet'
===2018-11-02 14:46:10.787 INFO  org.springframework.web.servlet.DispatcherServlet Line:494 - FrameworkServlet 'dispatcherServlet': initialization started
===2018-11-02 14:46:10.812 INFO  org.springframework.web.servlet.DispatcherServlet Line:509 - FrameworkServlet 'dispatcherServlet': initialization completed in 25 ms
===2018-11-02 14:46:10.879 INFO  com.asiainfo.projectmg.web.controller.DemandController Line:102 - 修改参数: Demand(id=null, code=1, name=11, personDay=12, preHours=12, alHours=1, surHours=11, persons=aaa, createTime=null, updateTime=null)
===2018-11-02 14:46:15.706 INFO  com.asiainfo.projectmg.web.controller.DemandController Line:121 - 需要删除的需求ID： [15]
===2018-11-02 14:46:36.302 INFO  com.asiainfo.projectmg.web.controller.DemandController Line:102 - 修改参数: Demand(id=4, code=JYKF20180530010, name=【实时营销中心】公共标签分批次执行功能, personDay=8, preHours=64, alHours=2, surHours=62, persons=高松、徐梦超, createTime=null, updateTime=null)
===2018-11-02 14:46:55.224 INFO  com.asiainfo.projectmg.web.controller.DemandController Line:102 - 修改参数: Demand(id=7, code=JYKF20180619003, name=保号用户日月标签, personDay=4, preHours=32, alHours=32, surHours=0, persons=高松、徐梦超, createTime=null, updateTime=null)
===2018-11-02 14:47:37.232 INFO  com.asiainfo.projectmg.web.controller.CardController Line:91  - 修改参数: CardInfo(id=null, userId=null, userName=wangzj8, date=Thu Nov 01 00:00:00 CST 2018, hours=10, surHours=10, createTime=null, updateTime=null)
===2018-11-02 14:47:45.928 INFO  com.asiainfo.projectmg.web.controller.CardController Line:91  - 修改参数: CardInfo(id=4, userId=null, userName=wangzj8, date=Thu Nov 01 00:00:00 CST 2018, hours=10.2, surHours=10.2, createTime=null, updateTime=null)
===2018-11-02 14:47:50.127 INFO  com.asiainfo.projectmg.web.controller.CardController Line:110 - 需要删除的打卡记录ID： [4]
===2018-11-02 14:48:13.657 INFO  org.springframework.boot.web.servlet.context.AnnotationConfigServletWebServerApplicationContext Line:993 - Closing org.springframework.boot.web.servlet.context.AnnotationConfigServletWebServerApplicationContext@208d7bd9: startup date [Fri Nov 02 14:45:20 CST 2018]; root of context hierarchy
===2018-11-02 14:48:13.700 INFO  org.springframework.jmx.export.annotation.AnnotationMBeanExporter Line:451 - Unregistering JMX-exposed beans on shutdown
===2018-11-02 14:48:13.710 INFO  org.springframework.jmx.export.annotation.AnnotationMBeanExporter Line:185 - Unregistering JMX-exposed beans
===2018-11-02 14:48:13.716 INFO  org.springframework.orm.jpa.LocalContainerEntityManagerFactoryBean Line:597 - Closing JPA EntityManagerFactory for persistence unit 'default'
===2018-11-02 14:48:13.729 INFO  com.zaxxer.hikari.HikariDataSource Line:381 - DatebookHikariCP - Shutdown initiated...
===2018-11-02 14:48:14.276 INFO  com.zaxxer.hikari.HikariDataSource Line:383 - DatebookHikariCP - Shutdown completed.
===2018-11-02 14:48:15.503 INFO  com.asiainfo.projectmg.ProjectMgApplication Line:50  - Starting ProjectMgApplication on King-Pan-PC with PID 13363 (/Users/king-pan/git_repository/project-mg/target/classes started by king-pan in /Users/king-pan/git_repository/project-mg)
===2018-11-02 14:48:15.503 INFO  com.asiainfo.projectmg.ProjectMgApplication Line:666 - The following profiles are active: dev
===2018-11-02 14:48:15.514 INFO  org.springframework.boot.web.servlet.context.AnnotationConfigServletWebServerApplicationContext Line:590 - Refreshing org.springframework.boot.web.servlet.context.AnnotationConfigServletWebServerApplicationContext@1715f3da: startup date [Fri Nov 02 14:48:15 CST 2018]; root of context hierarchy
===2018-11-02 14:48:17.552 INFO  org.springframework.context.support.PostProcessorRegistrationDelegate$BeanPostProcessorChecker Line:326 - Bean 'org.springframework.transaction.annotation.ProxyTransactionManagementConfiguration' of type [org.springframework.transaction.annotation.ProxyTransactionManagementConfiguration$$EnhancerBySpringCGLIB$$f524fc86] is not eligible for getting processed by all BeanPostProcessors (for example: not eligible for auto-proxying)
===2018-11-02 14:48:18.106 INFO  org.springframework.boot.web.embedded.tomcat.TomcatWebServer Line:91  - Tomcat initialized with port(s): 8888 (http)
===2018-11-02 14:48:18.108 INFO  org.apache.coyote.http11.Http11NioProtocol Line:180 - Initializing ProtocolHandler ["http-nio-8888"]
===2018-11-02 14:48:18.109 INFO  org.apache.catalina.core.StandardService Line:180 - Starting service [Tomcat]
===2018-11-02 14:48:18.110 INFO  org.apache.catalina.core.StandardEngine Line:180 - Starting Servlet Engine: Apache Tomcat/8.5.32
===2018-11-02 14:48:18.142 INFO  org.apache.catalina.core.ContainerBase.[Tomcat].[localhost].[/api] Line:180 - Initializing Spring embedded WebApplicationContext
===2018-11-02 14:48:18.144 INFO  org.springframework.web.context.ContextLoader Line:285 - Root WebApplicationContext: initialization completed in 2630 ms
===2018-11-02 14:48:18.186 INFO  org.springframework.boot.web.servlet.ServletRegistrationBean Line:187 - Servlet dispatcherServlet mapped to [/]
===2018-11-02 14:48:18.187 INFO  org.springframework.boot.web.servlet.FilterRegistrationBean Line:245 - Mapping filter: 'characterEncodingFilter' to: [/*]
===2018-11-02 14:48:18.188 INFO  org.springframework.boot.web.servlet.FilterRegistrationBean Line:245 - Mapping filter: 'hiddenHttpMethodFilter' to: [/*]
===2018-11-02 14:48:18.188 INFO  org.springframework.boot.web.servlet.FilterRegistrationBean Line:245 - Mapping filter: 'httpPutFormContentFilter' to: [/*]
===2018-11-02 14:48:18.189 INFO  org.springframework.boot.web.servlet.FilterRegistrationBean Line:245 - Mapping filter: 'requestContextFilter' to: [/*]
===2018-11-02 14:48:18.460 INFO  com.zaxxer.hikari.HikariDataSource Line:110 - DatebookHikariCP - Starting...
===2018-11-02 14:48:19.536 INFO  com.zaxxer.hikari.HikariDataSource Line:123 - DatebookHikariCP - Start completed.
===2018-11-02 14:48:19.884 INFO  org.springframework.orm.jpa.LocalContainerEntityManagerFactoryBean Line:361 - Building JPA container EntityManagerFactory for persistence unit 'default'
===2018-11-02 14:48:19.885 INFO  org.hibernate.jpa.internal.util.LogHelper Line:31  - HHH000204: Processing PersistenceUnitInfo [
	name: default
	...]
===2018-11-02 14:48:19.949 INFO  org.hibernate.dialect.Dialect Line:157 - HHH000400: Using dialect: org.hibernate.dialect.MySQL5InnoDBDialect
===2018-11-02 14:48:20.151 INFO  org.hibernate.orm.connections.access Line:47  - HHH10001501: Connection obtained from JdbcConnectionAccess [org.hibernate.engine.jdbc.env.internal.JdbcEnvironmentInitiator$ConnectionProviderJdbcConnectionAccess@b2c4809] for (non-JTA) DDL execution was not in auto-commit mode; the Connection 'local transaction' will be committed and the Connection will be set into auto-commit mode.
===2018-11-02 14:48:21.537 INFO  org.springframework.orm.jpa.LocalContainerEntityManagerFactoryBean Line:415 - Initialized JPA EntityManagerFactory for persistence unit 'default'
===2018-11-02 14:48:21.756 INFO  org.hibernate.hql.internal.QueryTranslatorFactoryInitiator Line:47  - HHH000397: Using ASTQueryTranslatorFactory
===2018-11-02 14:48:21.857 INFO  org.springframework.web.servlet.handler.SimpleUrlHandlerMapping Line:373 - Mapped URL path [/**/favicon.ico] onto handler of type [class org.springframework.web.servlet.resource.ResourceHttpRequestHandler]
===2018-11-02 14:48:22.052 INFO  org.springframework.web.servlet.mvc.method.annotation.RequestMappingHandlerAdapter Line:574 - Looking for @ControllerAdvice: org.springframework.boot.web.servlet.context.AnnotationConfigServletWebServerApplicationContext@1715f3da: startup date [Fri Nov 02 14:48:15 CST 2018]; root of context hierarchy
===2018-11-02 14:48:22.179 INFO  org.springframework.web.servlet.mvc.method.annotation.RequestMappingHandlerMapping Line:547 - Mapped "{[/allot/list],methods=[GET]}" onto public java.lang.Object com.asiainfo.projectmg.web.controller.AllotController.list(com.asiainfo.projectmg.model.AllotInfo,org.springframework.data.domain.Pageable)
===2018-11-02 14:48:22.180 INFO  org.springframework.web.servlet.mvc.method.annotation.RequestMappingHandlerMapping Line:547 - Mapped "{[/allot/download],methods=[GET]}" onto public void com.asiainfo.projectmg.web.controller.AllotController.exportExcel(com.asiainfo.projectmg.model.AllotInfo,javax.servlet.http.HttpServletResponse)
===2018-11-02 14:48:22.182 INFO  org.springframework.web.servlet.mvc.method.annotation.RequestMappingHandlerMapping Line:547 - Mapped "{[/allot/]}" onto public org.springframework.web.servlet.ModelAndView com.asiainfo.projectmg.web.controller.AllotController.page()
===2018-11-02 14:48:22.188 INFO  org.springframework.web.servlet.mvc.method.annotation.RequestMappingHandlerMapping Line:547 - Mapped "{[/card/save]}" onto public com.asiainfo.projectmg.common.ServerResponse com.asiainfo.projectmg.web.controller.CardController.update(com.asiainfo.projectmg.model.CardInfo)
===2018-11-02 14:48:22.191 INFO  org.springframework.web.servlet.mvc.method.annotation.RequestMappingHandlerMapping Line:547 - Mapped "{[/card/list],methods=[GET]}" onto public java.lang.Object com.asiainfo.projectmg.web.controller.CardController.list(com.asiainfo.projectmg.model.CardInfo,org.springframework.data.domain.Pageable)
===2018-11-02 14:48:22.192 INFO  org.springframework.web.servlet.mvc.method.annotation.RequestMappingHandlerMapping Line:547 - Mapped "{[/card/fileUpload]}" onto public com.asiainfo.projectmg.common.ServerResponse com.asiainfo.projectmg.web.controller.CardController.fileUpload(javax.servlet.http.HttpServletRequest,org.springframework.web.multipart.MultipartFile)
===2018-11-02 14:48:22.194 INFO  org.springframework.web.servlet.mvc.method.annotation.RequestMappingHandlerMapping Line:547 - Mapped "{[/card/downloadExcelTemplate]}" onto public void com.asiainfo.projectmg.web.controller.CardController.downloadExcelTemplate(javax.servlet.http.HttpServletResponse)
===2018-11-02 14:48:22.195 INFO  org.springframework.web.servlet.mvc.method.annotation.RequestMappingHandlerMapping Line:547 - Mapped "{[/card/],methods=[DELETE]}" onto public com.asiainfo.projectmg.common.ServerResponse com.asiainfo.projectmg.web.controller.CardController.batchDelete(java.lang.Long[])
===2018-11-02 14:48:22.196 INFO  org.springframework.web.servlet.mvc.method.annotation.RequestMappingHandlerMapping Line:547 - Mapped "{[/card/]}" onto public org.springframework.web.servlet.ModelAndView com.asiainfo.projectmg.web.controller.CardController.page()
===2018-11-02 14:48:22.202 INFO  org.springframework.web.servlet.mvc.method.annotation.RequestMappingHandlerMapping Line:547 - Mapped "{[/demand/save]}" onto public com.asiainfo.projectmg.common.ServerResponse com.asiainfo.projectmg.web.controller.DemandController.update(com.asiainfo.projectmg.model.Demand)
===2018-11-02 14:48:22.202 INFO  org.springframework.web.servlet.mvc.method.annotation.RequestMappingHandlerMapping Line:547 - Mapped "{[/demand/list],methods=[GET]}" onto public java.lang.Object com.asiainfo.projectmg.web.controller.DemandController.list(com.asiainfo.projectmg.model.Demand,org.springframework.data.domain.Pageable)
===2018-11-02 14:48:22.203 INFO  org.springframework.web.servlet.mvc.method.annotation.RequestMappingHandlerMapping Line:547 - Mapped "{[/demand/allotHours]}" onto public com.asiainfo.projectmg.common.ServerResponse com.asiainfo.projectmg.web.controller.DemandController.allotHours(com.asiainfo.projectmg.model.form.AllotForm,java.lang.Long[])
===2018-11-02 14:48:22.204 INFO  org.springframework.web.servlet.mvc.method.annotation.RequestMappingHandlerMapping Line:547 - Mapped "{[/demand/fileUpload]}" onto public com.asiainfo.projectmg.common.ServerResponse com.asiainfo.projectmg.web.controller.DemandController.fileUpload(javax.servlet.http.HttpServletRequest,org.springframework.web.multipart.MultipartFile)
===2018-11-02 14:48:22.207 INFO  org.springframework.web.servlet.mvc.method.annotation.RequestMappingHandlerMapping Line:547 - Mapped "{[/demand/downloadExcelTemplate]}" onto public void com.asiainfo.projectmg.web.controller.DemandController.downloadExcelTemplate(javax.servlet.http.HttpServletResponse)
===2018-11-02 14:48:22.208 INFO  org.springframework.web.servlet.mvc.method.annotation.RequestMappingHandlerMapping Line:547 - Mapped "{[/demand/],methods=[DELETE]}" onto public com.asiainfo.projectmg.common.ServerResponse com.asiainfo.projectmg.web.controller.DemandController.batchDelete(java.lang.Long[])
===2018-11-02 14:48:22.210 INFO  org.springframework.web.servlet.mvc.method.annotation.RequestMappingHandlerMapping Line:547 - Mapped "{[/demand/],methods=[GET]}" onto public org.springframework.web.servlet.ModelAndView com.asiainfo.projectmg.web.controller.DemandController.page()
===2018-11-02 14:48:22.212 INFO  org.springframework.web.servlet.mvc.method.annotation.RequestMappingHandlerMapping Line:547 - Mapped "{[/]}" onto public org.springframework.web.servlet.ModelAndView com.asiainfo.projectmg.web.controller.HomeController.home()
===2018-11-02 14:48:22.215 INFO  org.springframework.web.servlet.mvc.method.annotation.RequestMappingHandlerMapping Line:547 - Mapped "{[/sso/login]}" onto public java.lang.Object com.asiainfo.projectmg.web.controller.UserController.login(java.lang.String,java.lang.String)
===2018-11-02 14:48:22.219 INFO  org.springframework.web.servlet.mvc.method.annotation.RequestMappingHandlerMapping Line:547 - Mapped "{[/error]}" onto public org.springframework.http.ResponseEntity<java.util.Map<java.lang.String, java.lang.Object>> org.springframework.boot.autoconfigure.web.servlet.error.BasicErrorController.error(javax.servlet.http.HttpServletRequest)
===2018-11-02 14:48:22.300 INFO  org.springframework.web.servlet.mvc.method.annotation.RequestMappingHandlerMapping Line:547 - Mapped "{[/error],produces=[text/html]}" onto public org.springframework.web.servlet.ModelAndView org.springframework.boot.autoconfigure.web.servlet.error.BasicErrorController.errorHtml(javax.servlet.http.HttpServletRequest,javax.servlet.http.HttpServletResponse)
===2018-11-02 14:48:22.330 INFO  org.springframework.web.servlet.handler.SimpleUrlHandlerMapping Line:373 - Mapped URL path [/webjars/**] onto handler of type [class org.springframework.web.servlet.resource.ResourceHttpRequestHandler]
===2018-11-02 14:48:22.330 INFO  org.springframework.web.servlet.handler.SimpleUrlHandlerMapping Line:373 - Mapped URL path [/**] onto handler of type [class org.springframework.web.servlet.resource.ResourceHttpRequestHandler]
===2018-11-02 14:48:22.667 INFO  org.springframework.jmx.export.annotation.AnnotationMBeanExporter Line:433 - Registering beans for JMX exposure on startup
===2018-11-02 14:48:22.669 INFO  org.springframework.jmx.export.annotation.AnnotationMBeanExporter Line:895 - Bean with name 'dataSource' has been autodetected for JMX exposure
===2018-11-02 14:48:22.681 INFO  org.springframework.jmx.export.annotation.AnnotationMBeanExporter Line:668 - Located MBean 'dataSource': registering with JMX server as MBean [com.zaxxer.hikari:name=dataSource,type=HikariDataSource]
===2018-11-02 14:48:22.691 INFO  org.apache.coyote.http11.Http11NioProtocol Line:180 - Starting ProtocolHandler ["http-nio-8888"]
===2018-11-02 14:48:22.692 INFO  org.apache.tomcat.util.net.NioSelectorPool Line:180 - Using a shared selector for servlet write/read
===2018-11-02 14:48:22.698 INFO  org.springframework.boot.web.embedded.tomcat.TomcatWebServer Line:206 - Tomcat started on port(s): 8888 (http) with context path '/api'
===2018-11-02 14:48:22.701 INFO  com.asiainfo.projectmg.ProjectMgApplication Line:59  - Started ProjectMgApplication in 7.331 seconds (JVM running for 185.055)
===2018-11-02 14:48:22.722 INFO  org.springframework.boot.devtools.autoconfigure.ConditionEvaluationDeltaLoggingListener Line:56  - Condition evaluation unchanged
===2018-11-02 14:48:31.985 INFO  org.springframework.boot.web.servlet.context.AnnotationConfigServletWebServerApplicationContext Line:993 - Closing org.springframework.boot.web.servlet.context.AnnotationConfigServletWebServerApplicationContext@1715f3da: startup date [Fri Nov 02 14:48:15 CST 2018]; root of context hierarchy
===2018-11-02 14:48:32.005 INFO  org.springframework.jmx.export.annotation.AnnotationMBeanExporter Line:451 - Unregistering JMX-exposed beans on shutdown
===2018-11-02 14:48:32.006 INFO  org.springframework.jmx.export.annotation.AnnotationMBeanExporter Line:185 - Unregistering JMX-exposed beans
===2018-11-02 14:48:32.009 INFO  org.springframework.orm.jpa.LocalContainerEntityManagerFactoryBean Line:597 - Closing JPA EntityManagerFactory for persistence unit 'default'
===2018-11-02 14:48:32.012 INFO  com.zaxxer.hikari.HikariDataSource Line:381 - DatebookHikariCP - Shutdown initiated...
===2018-11-02 14:48:33.120 INFO  com.zaxxer.hikari.HikariDataSource Line:383 - DatebookHikariCP - Shutdown completed.
===2018-11-02 14:48:34.032 INFO  com.asiainfo.projectmg.ProjectMgApplication Line:50  - Starting ProjectMgApplication on King-Pan-PC with PID 13363 (/Users/king-pan/git_repository/project-mg/target/classes started by king-pan in /Users/king-pan/git_repository/project-mg)
===2018-11-02 14:48:34.033 INFO  com.asiainfo.projectmg.ProjectMgApplication Line:666 - The following profiles are active: dev
===2018-11-02 14:48:34.050 INFO  org.springframework.boot.web.servlet.context.AnnotationConfigServletWebServerApplicationContext Line:590 - Refreshing org.springframework.boot.web.servlet.context.AnnotationConfigServletWebServerApplicationContext@4b877b32: startup date [Fri Nov 02 14:48:34 CST 2018]; root of context hierarchy
===2018-11-02 14:48:36.334 INFO  org.springframework.context.support.PostProcessorRegistrationDelegate$BeanPostProcessorChecker Line:326 - Bean 'org.springframework.transaction.annotation.ProxyTransactionManagementConfiguration' of type [org.springframework.transaction.annotation.ProxyTransactionManagementConfiguration$$EnhancerBySpringCGLIB$$f524fc86] is not eligible for getting processed by all BeanPostProcessors (for example: not eligible for auto-proxying)
===2018-11-02 14:48:37.115 INFO  org.springframework.boot.web.embedded.tomcat.TomcatWebServer Line:91  - Tomcat initialized with port(s): 8888 (http)
===2018-11-02 14:48:37.117 INFO  org.apache.coyote.http11.Http11NioProtocol Line:180 - Initializing ProtocolHandler ["http-nio-8888"]
===2018-11-02 14:48:37.120 INFO  org.apache.catalina.core.StandardService Line:180 - Starting service [Tomcat]
===2018-11-02 14:48:37.120 INFO  org.apache.catalina.core.StandardEngine Line:180 - Starting Servlet Engine: Apache Tomcat/8.5.32
===2018-11-02 14:48:37.139 INFO  org.apache.catalina.core.ContainerBase.[Tomcat].[localhost].[/api] Line:180 - Initializing Spring embedded WebApplicationContext
===2018-11-02 14:48:37.141 INFO  org.springframework.web.context.ContextLoader Line:285 - Root WebApplicationContext: initialization completed in 3091 ms
===2018-11-02 14:48:37.172 INFO  org.springframework.boot.web.servlet.ServletRegistrationBean Line:187 - Servlet dispatcherServlet mapped to [/]
===2018-11-02 14:48:37.173 INFO  org.springframework.boot.web.servlet.FilterRegistrationBean Line:245 - Mapping filter: 'characterEncodingFilter' to: [/*]
===2018-11-02 14:48:37.174 INFO  org.springframework.boot.web.servlet.FilterRegistrationBean Line:245 - Mapping filter: 'hiddenHttpMethodFilter' to: [/*]
===2018-11-02 14:48:37.174 INFO  org.springframework.boot.web.servlet.FilterRegistrationBean Line:245 - Mapping filter: 'httpPutFormContentFilter' to: [/*]
===2018-11-02 14:48:37.175 INFO  org.springframework.boot.web.servlet.FilterRegistrationBean Line:245 - Mapping filter: 'requestContextFilter' to: [/*]
===2018-11-02 14:48:37.448 INFO  com.zaxxer.hikari.HikariDataSource Line:110 - DatebookHikariCP - Starting...
===2018-11-02 14:48:38.106 INFO  com.zaxxer.hikari.HikariDataSource Line:123 - DatebookHikariCP - Start completed.
===2018-11-02 14:48:38.184 INFO  org.springframework.orm.jpa.LocalContainerEntityManagerFactoryBean Line:361 - Building JPA container EntityManagerFactory for persistence unit 'default'
===2018-11-02 14:48:38.184 INFO  org.hibernate.jpa.internal.util.LogHelper Line:31  - HHH000204: Processing PersistenceUnitInfo [
	name: default
	...]
===2018-11-02 14:48:38.247 INFO  org.hibernate.dialect.Dialect Line:157 - HHH000400: Using dialect: org.hibernate.dialect.MySQL5InnoDBDialect
===2018-11-02 14:48:38.405 INFO  org.hibernate.orm.connections.access Line:47  - HHH10001501: Connection obtained from JdbcConnectionAccess [org.hibernate.engine.jdbc.env.internal.JdbcEnvironmentInitiator$ConnectionProviderJdbcConnectionAccess@611b19a0] for (non-JTA) DDL execution was not in auto-commit mode; the Connection 'local transaction' will be committed and the Connection will be set into auto-commit mode.
===2018-11-02 14:48:38.980 INFO  org.springframework.orm.jpa.LocalContainerEntityManagerFactoryBean Line:415 - Initialized JPA EntityManagerFactory for persistence unit 'default'
===2018-11-02 14:48:39.267 INFO  org.hibernate.hql.internal.QueryTranslatorFactoryInitiator Line:47  - HHH000397: Using ASTQueryTranslatorFactory
===2018-11-02 14:48:39.681 INFO  org.springframework.web.servlet.handler.SimpleUrlHandlerMapping Line:373 - Mapped URL path [/**/favicon.ico] onto handler of type [class org.springframework.web.servlet.resource.ResourceHttpRequestHandler]
===2018-11-02 14:48:40.088 INFO  org.springframework.web.servlet.mvc.method.annotation.RequestMappingHandlerAdapter Line:574 - Looking for @ControllerAdvice: org.springframework.boot.web.servlet.context.AnnotationConfigServletWebServerApplicationContext@4b877b32: startup date [Fri Nov 02 14:48:34 CST 2018]; root of context hierarchy
===2018-11-02 14:48:40.161 INFO  org.springframework.web.servlet.mvc.method.annotation.RequestMappingHandlerMapping Line:547 - Mapped "{[/allot/list],methods=[GET]}" onto public java.lang.Object com.asiainfo.projectmg.web.controller.AllotController.list(com.asiainfo.projectmg.model.AllotInfo,org.springframework.data.domain.Pageable)
===2018-11-02 14:48:40.176 INFO  org.springframework.web.servlet.mvc.method.annotation.RequestMappingHandlerMapping Line:547 - Mapped "{[/allot/download],methods=[GET]}" onto public void com.asiainfo.projectmg.web.controller.AllotController.exportExcel(com.asiainfo.projectmg.model.AllotInfo,javax.servlet.http.HttpServletResponse)
===2018-11-02 14:48:40.215 INFO  org.springframework.web.servlet.mvc.method.annotation.RequestMappingHandlerMapping Line:547 - Mapped "{[/allot/]}" onto public org.springframework.web.servlet.ModelAndView com.asiainfo.projectmg.web.controller.AllotController.page()
===2018-11-02 14:48:40.218 INFO  org.springframework.web.servlet.mvc.method.annotation.RequestMappingHandlerMapping Line:547 - Mapped "{[/card/save]}" onto public com.asiainfo.projectmg.common.ServerResponse com.asiainfo.projectmg.web.controller.CardController.update(com.asiainfo.projectmg.model.CardInfo)
===2018-11-02 14:48:40.218 INFO  org.springframework.web.servlet.mvc.method.annotation.RequestMappingHandlerMapping Line:547 - Mapped "{[/card/list],methods=[GET]}" onto public java.lang.Object com.asiainfo.projectmg.web.controller.CardController.list(com.asiainfo.projectmg.model.CardInfo,org.springframework.data.domain.Pageable)
===2018-11-02 14:48:40.219 INFO  org.springframework.web.servlet.mvc.method.annotation.RequestMappingHandlerMapping Line:547 - Mapped "{[/card/fileUpload]}" onto public com.asiainfo.projectmg.common.ServerResponse com.asiainfo.projectmg.web.controller.CardController.fileUpload(javax.servlet.http.HttpServletRequest,org.springframework.web.multipart.MultipartFile)
===2018-11-02 14:48:40.220 INFO  org.springframework.web.servlet.mvc.method.annotation.RequestMappingHandlerMapping Line:547 - Mapped "{[/card/downloadExcelTemplate]}" onto public void com.asiainfo.projectmg.web.controller.CardController.downloadExcelTemplate(javax.servlet.http.HttpServletResponse)
===2018-11-02 14:48:40.220 INFO  org.springframework.web.servlet.mvc.method.annotation.RequestMappingHandlerMapping Line:547 - Mapped "{[/card/],methods=[DELETE]}" onto public com.asiainfo.projectmg.common.ServerResponse com.asiainfo.projectmg.web.controller.CardController.batchDelete(java.lang.Long[])
===2018-11-02 14:48:40.221 INFO  org.springframework.web.servlet.mvc.method.annotation.RequestMappingHandlerMapping Line:547 - Mapped "{[/card/]}" onto public org.springframework.web.servlet.ModelAndView com.asiainfo.projectmg.web.controller.CardController.page()
===2018-11-02 14:48:40.232 INFO  org.springframework.web.servlet.mvc.method.annotation.RequestMappingHandlerMapping Line:547 - Mapped "{[/demand/save]}" onto public com.asiainfo.projectmg.common.ServerResponse com.asiainfo.projectmg.web.controller.DemandController.update(com.asiainfo.projectmg.model.Demand)
===2018-11-02 14:48:40.257 INFO  org.springframework.web.servlet.mvc.method.annotation.RequestMappingHandlerMapping Line:547 - Mapped "{[/demand/list],methods=[GET]}" onto public java.lang.Object com.asiainfo.projectmg.web.controller.DemandController.list(com.asiainfo.projectmg.model.Demand,org.springframework.data.domain.Pageable)
===2018-11-02 14:48:40.328 INFO  org.springframework.web.servlet.mvc.method.annotation.RequestMappingHandlerMapping Line:547 - Mapped "{[/demand/allotHours]}" onto public com.asiainfo.projectmg.common.ServerResponse com.asiainfo.projectmg.web.controller.DemandController.allotHours(com.asiainfo.projectmg.model.form.AllotForm,java.lang.Long[])
===2018-11-02 14:48:40.329 INFO  org.springframework.web.servlet.mvc.method.annotation.RequestMappingHandlerMapping Line:547 - Mapped "{[/demand/fileUpload]}" onto public com.asiainfo.projectmg.common.ServerResponse com.asiainfo.projectmg.web.controller.DemandController.fileUpload(javax.servlet.http.HttpServletRequest,org.springframework.web.multipart.MultipartFile)
===2018-11-02 14:48:40.330 INFO  org.springframework.web.servlet.mvc.method.annotation.RequestMappingHandlerMapping Line:547 - Mapped "{[/demand/downloadExcelTemplate]}" onto public void com.asiainfo.projectmg.web.controller.DemandController.downloadExcelTemplate(javax.servlet.http.HttpServletResponse)
===2018-11-02 14:48:40.331 INFO  org.springframework.web.servlet.mvc.method.annotation.RequestMappingHandlerMapping Line:547 - Mapped "{[/demand/],methods=[DELETE]}" onto public com.asiainfo.projectmg.common.ServerResponse com.asiainfo.projectmg.web.controller.DemandController.batchDelete(java.lang.Long[])
===2018-11-02 14:48:40.332 INFO  org.springframework.web.servlet.mvc.method.annotation.RequestMappingHandlerMapping Line:547 - Mapped "{[/demand/],methods=[GET]}" onto public org.springframework.web.servlet.ModelAndView com.asiainfo.projectmg.web.controller.DemandController.page()
===2018-11-02 14:48:40.333 INFO  org.springframework.web.servlet.mvc.method.annotation.RequestMappingHandlerMapping Line:547 - Mapped "{[/]}" onto public org.springframework.web.servlet.ModelAndView com.asiainfo.projectmg.web.controller.HomeController.home()
===2018-11-02 14:48:40.335 INFO  org.springframework.web.servlet.mvc.method.annotation.RequestMappingHandlerMapping Line:547 - Mapped "{[/sso/login]}" onto public java.lang.Object com.asiainfo.projectmg.web.controller.UserController.login(java.lang.String,java.lang.String)
===2018-11-02 14:48:40.339 INFO  org.springframework.web.servlet.mvc.method.annotation.RequestMappingHandlerMapping Line:547 - Mapped "{[/error]}" onto public org.springframework.http.ResponseEntity<java.util.Map<java.lang.String, java.lang.Object>> org.springframework.boot.autoconfigure.web.servlet.error.BasicErrorController.error(javax.servlet.http.HttpServletRequest)
===2018-11-02 14:48:40.340 INFO  org.springframework.web.servlet.mvc.method.annotation.RequestMappingHandlerMapping Line:547 - Mapped "{[/error],produces=[text/html]}" onto public org.springframework.web.servlet.ModelAndView org.springframework.boot.autoconfigure.web.servlet.error.BasicErrorController.errorHtml(javax.servlet.http.HttpServletRequest,javax.servlet.http.HttpServletResponse)
===2018-11-02 14:48:40.474 INFO  org.springframework.web.servlet.handler.SimpleUrlHandlerMapping Line:373 - Mapped URL path [/webjars/**] onto handler of type [class org.springframework.web.servlet.resource.ResourceHttpRequestHandler]
===2018-11-02 14:48:40.475 INFO  org.springframework.web.servlet.handler.SimpleUrlHandlerMapping Line:373 - Mapped URL path [/**] onto handler of type [class org.springframework.web.servlet.resource.ResourceHttpRequestHandler]
===2018-11-02 14:48:41.307 INFO  org.springframework.jmx.export.annotation.AnnotationMBeanExporter Line:433 - Registering beans for JMX exposure on startup
===2018-11-02 14:48:41.309 INFO  org.springframework.jmx.export.annotation.AnnotationMBeanExporter Line:895 - Bean with name 'dataSource' has been autodetected for JMX exposure
===2018-11-02 14:48:41.316 INFO  org.springframework.jmx.export.annotation.AnnotationMBeanExporter Line:668 - Located MBean 'dataSource': registering with JMX server as MBean [com.zaxxer.hikari:name=dataSource,type=HikariDataSource]
===2018-11-02 14:48:41.345 INFO  org.apache.coyote.http11.Http11NioProtocol Line:180 - Starting ProtocolHandler ["http-nio-8888"]
===2018-11-02 14:48:41.345 INFO  org.apache.tomcat.util.net.NioSelectorPool Line:180 - Using a shared selector for servlet write/read
===2018-11-02 14:48:41.351 INFO  org.springframework.boot.web.embedded.tomcat.TomcatWebServer Line:206 - Tomcat started on port(s): 8888 (http) with context path '/api'
===2018-11-02 14:48:41.353 INFO  com.asiainfo.projectmg.ProjectMgApplication Line:59  - Started ProjectMgApplication in 7.496 seconds (JVM running for 203.707)
===2018-11-02 14:48:41.358 INFO  org.springframework.boot.devtools.autoconfigure.ConditionEvaluationDeltaLoggingListener Line:56  - Condition evaluation unchanged
===2018-11-02 18:00:18.392 INFO  org.springframework.boot.web.servlet.context.AnnotationConfigServletWebServerApplicationContext Line:993 - Closing org.springframework.boot.web.servlet.context.AnnotationConfigServletWebServerApplicationContext@4b877b32: startup date [Fri Nov 02 14:48:34 CST 2018]; root of context hierarchy
===2018-11-02 18:00:18.584 INFO  org.springframework.jmx.export.annotation.AnnotationMBeanExporter Line:451 - Unregistering JMX-exposed beans on shutdown
===2018-11-02 18:00:18.594 INFO  org.springframework.jmx.export.annotation.AnnotationMBeanExporter Line:185 - Unregistering JMX-exposed beans
===2018-11-02 18:00:18.609 INFO  org.springframework.orm.jpa.LocalContainerEntityManagerFactoryBean Line:597 - Closing JPA EntityManagerFactory for persistence unit 'default'
===2018-11-02 18:00:18.653 INFO  com.zaxxer.hikari.HikariDataSource Line:381 - DatebookHikariCP - Shutdown initiated...
===2018-11-02 18:00:19.034 INFO  com.zaxxer.hikari.HikariDataSource Line:383 - DatebookHikariCP - Shutdown completed.
